time="2019-05-16T09:32:40+08:00" level=info msg="db connect with path: root:hys_1234@/test?charset=utf8&parseTime=True&loc=Local   err: dial tcp 127.0.0.1:3306: connect: connection refused \n"
time="2019-05-16T09:33:03+08:00" level=info msg="server will launch, listening port :3000"
time="2019-05-16T09:33:21+08:00" level=info msg=">>>>>>>>>>>>【 POST 】 /test/Add/ ### param: map[] ### query: map[] ### body: map[Name:hai Email:xxx]"
time="2019-05-16T09:33:21+08:00" level=info msg="sql/Users/haizhang/work/study/go/igo2/src/go-open/sample/service/user.go:171.395363msINSERT INTO `user` (`created_at`,`updated_at`,`age`,`name`) VALUES (?,?,?,?)[2019-05-16 09:33:21.105741 +0800 CST m=+17.771222059 2019-05-16 09:33:21.105741 +0800 CST m=+17.771222059 11 ] 1"
time="2019-05-16T09:33:21+08:00" level=info msg="sql/Users/haizhang/work/study/go/igo2/src/go-open/sample/service/user.go:17733.886µsINSERT INTO `email` (`created_at`,`updated_at`,`email`,`user_id`) VALUES (?,?,?,?)[2019-05-16 09:33:21.107439 +0800 CST m=+17.772920523 2019-05-16 09:33:21.107439 +0800 CST m=+17.772920523 email###sads## 33] 1"
time="2019-05-16T09:33:21+08:00" level=info msg="sql/Users/haizhang/work/study/go/igo2/src/go-open/sample/service/user.go:17598.258µsINSERT INTO `profile` (`created_at`,`updated_at`,`name`,`user_id`) VALUES (?,?,?,?)[2019-05-16 09:33:21.108371 +0800 CST m=+17.773852089 2019-05-16 09:33:21.108371 +0800 CST m=+17.773852089 ppsssp 33] 1"
time="2019-05-16T09:33:50+08:00" level=info msg=">>>>>>>>>>>>【 POST 】 /test/Add/ ### param: map[] ### query: map[] ### body: map[Name:hai Email:xxx]"
time="2019-05-16T09:34:03+08:00" level=info msg="sql/Users/haizhang/work/study/go/igo2/src/go-open/sample/service/user.go:17361.784µsINSERT INTO `user` (`created_at`,`updated_at`,`age`,`name`) VALUES (?,?,?,?)[2019-05-16 09:34:03.663595 +0800 CST m=+60.329091134 2019-05-16 09:34:03.663595 +0800 CST m=+60.329091134 11 ] 1"
time="2019-05-16T09:34:03+08:00" level=info msg="sql/Users/haizhang/work/study/go/igo2/src/go-open/sample/service/user.go:17358.242µsINSERT INTO `email` (`created_at`,`updated_at`,`email`,`user_id`) VALUES (?,?,?,?)[2019-05-16 09:34:03.66412 +0800 CST m=+60.329616458 2019-05-16 09:34:03.66412 +0800 CST m=+60.329616458 email###sads## 34] 1"
time="2019-05-16T09:34:03+08:00" level=info msg="sql/Users/haizhang/work/study/go/igo2/src/go-open/sample/service/user.go:17381.717µsINSERT INTO `profile` (`created_at`,`updated_at`,`name`,`user_id`) VALUES (?,?,?,?)[2019-05-16 09:34:03.664655 +0800 CST m=+60.330151161 2019-05-16 09:34:03.664655 +0800 CST m=+60.330151161 ppsssp 34] 1"
time="2019-05-16T09:35:18+08:00" level=info msg=">>>>>>>>>>>>【 POST 】 /test/Add/ ### param: map[] ### query: map[] ### body: map[Name:hai Email:xxx]"
time="2019-05-16T09:35:21+08:00" level=info msg="sql/Users/haizhang/work/study/go/igo2/src/go-open/sample/service/user.go:17419.829µsINSERT INTO `user` (`created_at`,`updated_at`,`age`,`name`) VALUES (?,?,?,?)[2019-05-16 09:35:21.658537 +0800 CST m=+138.338182903 2019-05-16 09:35:21.658537 +0800 CST m=+138.338182903 11 ] 1"
time="2019-05-16T09:35:21+08:00" level=info msg="sql/Users/haizhang/work/study/go/igo2/src/go-open/sample/service/user.go:17378.376µsINSERT INTO `email` (`created_at`,`updated_at`,`email`,`user_id`) VALUES (?,?,?,?)[2019-05-16 09:35:21.659153 +0800 CST m=+138.338799231 2019-05-16 09:35:21.659153 +0800 CST m=+138.338799231 email###sads## 35] 1"
time="2019-05-16T09:35:21+08:00" level=info msg="sql/Users/haizhang/work/study/go/igo2/src/go-open/sample/service/user.go:17434.824µsINSERT INTO `profile` (`created_at`,`updated_at`,`name`,`user_id`) VALUES (?,?,?,?)[2019-05-16 09:35:21.659682 +0800 CST m=+138.339328736 2019-05-16 09:35:21.659682 +0800 CST m=+138.339328736 ppsssp 35] 1"
time="2019-05-16T09:35:53+08:00" level=info msg="server will launch, listening port :3000"
time="2019-05-16T09:35:58+08:00" level=info msg=">>>>>>>>>>>>【 POST 】 /test/Add/ ### param: map[] ### query: map[] ### body: map[Name:hai Email:xxx]"
time="2019-05-16T09:35:58+08:00" level=info msg="sql/Users/haizhang/work/study/go/igo2/src/go-open/sample/service/user.go:17498.207µsINSERT INTO `user` (`created_at`,`updated_at`,`age`,`name`) VALUES (?,?,?,?)[2019-05-16 09:35:58.011026 +0800 CST m=+4.059524113 2019-05-16 09:35:58.011026 +0800 CST m=+4.059524113 11 ] 1"
time="2019-05-16T09:35:58+08:00" level=info msg="sql/Users/haizhang/work/study/go/igo2/src/go-open/sample/service/user.go:17389.351µsINSERT INTO `email` (`created_at`,`updated_at`,`email`,`user_id`) VALUES (?,?,?,?)[2019-05-16 09:35:58.011769 +0800 CST m=+4.060267245 2019-05-16 09:35:58.011769 +0800 CST m=+4.060267245 email###sads## 36] 1"
time="2019-05-16T09:35:58+08:00" level=info msg="sql/Users/haizhang/work/study/go/igo2/src/go-open/sample/service/user.go:17418.2µsINSERT INTO `profile` (`created_at`,`updated_at`,`name`,`user_id`) VALUES (?,?,?,?)[2019-05-16 09:35:58.012354 +0800 CST m=+4.060851695 2019-05-16 09:35:58.012354 +0800 CST m=+4.060851695 ppsssp 36] 1"
time="2019-05-16T09:36:11+08:00" level=info msg="server will launch, listening port :3000"
time="2019-05-16T09:36:16+08:00" level=info msg=">>>>>>>>>>>>【 POST 】 /test/Add/ ### param: map[] ### query: map[] ### body: map[Email:xxx Name:hai]"
time="2019-05-16T09:36:16+08:00" level=info msg="sql/Users/haizhang/work/study/go/igo2/src/go-open/sample/service/user.go:17538.766µsINSERT INTO `user` (`created_at`,`updated_at`,`age`,`name`) VALUES (?,?,?,?)[2019-05-16 09:36:16.915535 +0800 CST m=+5.517536813 2019-05-16 09:36:16.915535 +0800 CST m=+5.517536813 11 ] 1"
time="2019-05-16T09:36:16+08:00" level=info msg="sql/Users/haizhang/work/study/go/igo2/src/go-open/sample/service/user.go:17385.678µsINSERT INTO `email` (`created_at`,`updated_at`,`email`,`user_id`) VALUES (?,?,?,?)[2019-05-16 09:36:16.916327 +0800 CST m=+5.518328079 2019-05-16 09:36:16.916327 +0800 CST m=+5.518328079 email###sads## 37] 1"
time="2019-05-16T09:36:16+08:00" level=info msg="sql/Users/haizhang/work/study/go/igo2/src/go-open/sample/service/user.go:17363.151µsINSERT INTO `profile` (`created_at`,`updated_at`,`name`,`user_id`) VALUES (?,?,?,?)[2019-05-16 09:36:16.916871 +0800 CST m=+5.518872545 2019-05-16 09:36:16.916871 +0800 CST m=+5.518872545 ppsssp 37] 1"
time="2019-05-16T09:39:08+08:00" level=info msg="server will launch, listening port :3000"
time="2019-05-16T09:39:15+08:00" level=info msg=">>>>>>>>>>>>【 POST 】 /test/Add/ ### param: map[] ### query: map[] ### body: map[Email:xxx Name:hai]"
time="2019-05-16T09:39:15+08:00" level=info msg="sql/Users/haizhang/work/study/go/igo2/src/go-open/sample/service/user.go:17507.389µsINSERT INTO `user` (`created_at`,`updated_at`,`age`,`name`) VALUES (?,?,?,?)[2019-05-16 09:39:15.397082 +0800 CST m=+6.816465849 2019-05-16 09:39:15.397082 +0800 CST m=+6.816465849 11 ] 1"
time="2019-05-16T09:39:15+08:00" level=info msg="sql/Users/haizhang/work/study/go/igo2/src/go-open/sample/service/user.go:17351.902µsINSERT INTO `email` (`created_at`,`updated_at`,`email`,`user_id`) VALUES (?,?,?,?)[2019-05-16 09:39:15.397787 +0800 CST m=+6.817170371 2019-05-16 09:39:15.397787 +0800 CST m=+6.817170371 email###sads## 38] 1"
time="2019-05-16T09:39:15+08:00" level=info msg="sql/Users/haizhang/work/study/go/igo2/src/go-open/sample/service/user.go:17400.76µsINSERT INTO `profile` (`created_at`,`updated_at`,`name`,`user_id`) VALUES (?,?,?,?)[2019-05-16 09:39:15.398305 +0800 CST m=+6.817688327 2019-05-16 09:39:15.398305 +0800 CST m=+6.817688327 ppsssp 38] 1"
time="2019-05-16T09:47:54+08:00" level=info msg="server will launch, listening port :3000"
time="2019-05-16T09:48:00+08:00" level=info msg=">>>>>>>>>>>>【 POST 】 /test/Add/ ### param: map[] ### query: map[] ### body: map[Email:xxx Name:hai Age:10]"
time="2019-05-16T09:48:00+08:00" level=info msg="sql/Users/haizhang/work/study/go/igo2/src/go-open/sample/service/user.go:17698.889µsINSERT INTO `user` (`created_at`,`updated_at`,`age`,`name`) VALUES (?,?,?,?)[2019-05-16 09:48:00.366962 +0800 CST m=+6.218051392 2019-05-16 09:48:00.366962 +0800 CST m=+6.218051392 11 ] 1"
time="2019-05-16T09:48:00+08:00" level=info msg="sql/Users/haizhang/work/study/go/igo2/src/go-open/sample/service/user.go:17640.587µsINSERT INTO `email` (`created_at`,`updated_at`,`email`,`user_id`) VALUES (?,?,?,?)[2019-05-16 09:48:00.367963 +0800 CST m=+6.219052357 2019-05-16 09:48:00.367963 +0800 CST m=+6.219052357 email###sads## 39] 1"
time="2019-05-16T09:48:00+08:00" level=info msg="sql/Users/haizhang/work/study/go/igo2/src/go-open/sample/service/user.go:17475.07µsINSERT INTO `profile` (`created_at`,`updated_at`,`name`,`user_id`) VALUES (?,?,?,?)[2019-05-16 09:48:00.368993 +0800 CST m=+6.220082746 2019-05-16 09:48:00.368993 +0800 CST m=+6.220082746 ppsssp 39] 1"
time="2019-05-16T09:48:11+08:00" level=info msg=">>>>>>>>>>>>【 POST 】 /test/Add/ ### param: map[] ### query: map[] ### body: map[Name:hai Age:10 Email:xxx]"
time="2019-05-16T09:48:34+08:00" level=info msg="sql/Users/haizhang/work/study/go/igo2/src/go-open/sample/service/user.go:17416.921µsINSERT INTO `user` (`created_at`,`updated_at`,`age`,`name`) VALUES (?,?,?,?)[2019-05-16 09:48:34.746841 +0800 CST m=+40.598076701 2019-05-16 09:48:34.746841 +0800 CST m=+40.598076701 11 ] 1"
time="2019-05-16T09:48:34+08:00" level=info msg="sql/Users/haizhang/work/study/go/igo2/src/go-open/sample/service/user.go:17358.935µsINSERT INTO `email` (`created_at`,`updated_at`,`email`,`user_id`) VALUES (?,?,?,?)[2019-05-16 09:48:34.747446 +0800 CST m=+40.598682090 2019-05-16 09:48:34.747446 +0800 CST m=+40.598682090 email###sads## 40] 1"
time="2019-05-16T09:48:34+08:00" level=info msg="sql/Users/haizhang/work/study/go/igo2/src/go-open/sample/service/user.go:17410.165µsINSERT INTO `profile` (`created_at`,`updated_at`,`name`,`user_id`) VALUES (?,?,?,?)[2019-05-16 09:48:34.747954 +0800 CST m=+40.599189856 2019-05-16 09:48:34.747954 +0800 CST m=+40.599189856 ppsssp 40] 1"
time="2019-05-16T09:48:42+08:00" level=info msg=">>>>>>>>>>>>【 POST 】 /test/Add/ ### param: map[] ### query: map[] ### body: map[Name:hai Age:101.1 Email:xxx]"
time="2019-05-16T09:49:44+08:00" level=info msg=">>>>>>>>>>>>【 POST 】 /test/Add/ ### param: map[] ### query: map[] ### body: map[Email:xxx Name:hai Age:101.1]"
time="2019-05-16T09:54:14+08:00" level=info msg="server will launch, listening port :3000"
time="2019-05-16T09:54:19+08:00" level=info msg=">>>>>>>>>>>>【 POST 】 /test/Add/ ### param: map[] ### query: map[] ### body: map[Name:hai Age:101.1 Email:xxx]"
time="2019-05-16T09:54:48+08:00" level=info msg="sql/Users/haizhang/work/study/go/igo2/src/go-open/sample/service/user.go:17470.698µsINSERT INTO `user` (`created_at`,`updated_at`,`age`,`name`) VALUES (?,?,?,?)[2019-05-16 09:54:48.400498 +0800 CST m=+33.497042992 2019-05-16 09:54:48.400498 +0800 CST m=+33.497042992 11 ] 1"
time="2019-05-16T09:54:48+08:00" level=info msg="sql/Users/haizhang/work/study/go/igo2/src/go-open/sample/service/user.go:17429.829µsINSERT INTO `email` (`created_at`,`updated_at`,`email`,`user_id`) VALUES (?,?,?,?)[2019-05-16 09:54:48.403729 +0800 CST m=+33.500274054 2019-05-16 09:54:48.403729 +0800 CST m=+33.500274054 email###sads## 41] 1"
time="2019-05-16T09:54:48+08:00" level=info msg="sql/Users/haizhang/work/study/go/igo2/src/go-open/sample/service/user.go:17412.891µsINSERT INTO `profile` (`created_at`,`updated_at`,`name`,`user_id`) VALUES (?,?,?,?)[2019-05-16 09:54:48.404408 +0800 CST m=+33.500953652 2019-05-16 09:54:48.404408 +0800 CST m=+33.500953652 ppsssp 41] 1"
time="2019-05-16T09:55:18+08:00" level=info msg="server will launch, listening port :3000"
time="2019-05-16T09:55:21+08:00" level=info msg=">>>>>>>>>>>>【 POST 】 /test/Add/ ### param: map[] ### query: map[] ### body: map[Name:hai Age:101.1 Email:xxx]"
time="2019-05-16T09:55:24+08:00" level=info msg="sql/Users/haizhang/work/study/go/igo2/src/go-open/sample/service/user.go:17504.35µsINSERT INTO `user` (`created_at`,`updated_at`,`age`,`name`) VALUES (?,?,?,?)[2019-05-16 09:55:24.636306 +0800 CST m=+5.676703089 2019-05-16 09:55:24.636306 +0800 CST m=+5.676703089 11 ] 1"
time="2019-05-16T09:55:24+08:00" level=info msg="sql/Users/haizhang/work/study/go/igo2/src/go-open/sample/service/user.go:17395.584µsINSERT INTO `email` (`created_at`,`updated_at`,`email`,`user_id`) VALUES (?,?,?,?)[2019-05-16 09:55:24.637026 +0800 CST m=+5.677423325 2019-05-16 09:55:24.637026 +0800 CST m=+5.677423325 email###sads## 42] 1"
time="2019-05-16T09:55:24+08:00" level=info msg="sql/Users/haizhang/work/study/go/igo2/src/go-open/sample/service/user.go:17462.813µsINSERT INTO `profile` (`created_at`,`updated_at`,`name`,`user_id`) VALUES (?,?,?,?)[2019-05-16 09:55:24.637601 +0800 CST m=+5.677998395 2019-05-16 09:55:24.637601 +0800 CST m=+5.677998395 ppsssp 42] 1"
time="2019-05-16T09:55:49+08:00" level=info msg="server will launch, listening port :3000"
time="2019-05-16T09:55:50+08:00" level=info msg=">>>>>>>>>>>>【 POST 】 /test/Add/ ### param: map[] ### query: map[] ### body: map[Name:hai Age:101.1 Email:xxx]"
time="2019-05-16T09:56:11+08:00" level=info msg=">>>>>>>>>>>>【 POST 】 /test/Add/ ### param: map[] ### query: map[] ### body: map[Age:101 Email:xxx Name:hai]"
time="2019-05-16T09:56:11+08:00" level=info msg="sql/Users/haizhang/work/study/go/igo2/src/go-open/sample/service/user.go:17575.482µsINSERT INTO `user` (`created_at`,`updated_at`,`age`,`name`) VALUES (?,?,?,?)[2019-05-16 09:56:11.988749 +0800 CST m=+22.772455264 2019-05-16 09:56:11.988749 +0800 CST m=+22.772455264 11 ] 1"
time="2019-05-16T09:56:11+08:00" level=info msg="sql/Users/haizhang/work/study/go/igo2/src/go-open/sample/service/user.go:17469.91µsINSERT INTO `email` (`created_at`,`updated_at`,`email`,`user_id`) VALUES (?,?,?,?)[2019-05-16 09:56:11.989569 +0800 CST m=+22.773275702 2019-05-16 09:56:11.989569 +0800 CST m=+22.773275702 email###sads## 43] 1"
time="2019-05-16T09:56:11+08:00" level=info msg="sql/Users/haizhang/work/study/go/igo2/src/go-open/sample/service/user.go:17628.168µsINSERT INTO `profile` (`created_at`,`updated_at`,`name`,`user_id`) VALUES (?,?,?,?)[2019-05-16 09:56:11.990299 +0800 CST m=+22.774004872 2019-05-16 09:56:11.990299 +0800 CST m=+22.774004872 ppsssp 43] 1"
time="2019-05-16T09:56:22+08:00" level=info msg=">>>>>>>>>>>>【 POST 】 /test/Add/ ### param: map[] ### query: map[] ### body: map[Name:hai Age:-101 Email:xxx]"
time="2019-05-16T09:56:22+08:00" level=info msg="sql/Users/haizhang/work/study/go/igo2/src/go-open/sample/service/user.go:17506.56µsINSERT INTO `user` (`created_at`,`updated_at`,`age`,`name`) VALUES (?,?,?,?)[2019-05-16 09:56:22.123511 +0800 CST m=+32.907333735 2019-05-16 09:56:22.123511 +0800 CST m=+32.907333735 11 ] 1"
time="2019-05-16T09:56:22+08:00" level=info msg="sql/Users/haizhang/work/study/go/igo2/src/go-open/sample/service/user.go:17478.02µsINSERT INTO `email` (`created_at`,`updated_at`,`email`,`user_id`) VALUES (?,?,?,?)[2019-05-16 09:56:22.124311 +0800 CST m=+32.908133167 2019-05-16 09:56:22.124311 +0800 CST m=+32.908133167 email###sads## 44] 1"
time="2019-05-16T09:56:22+08:00" level=info msg="sql/Users/haizhang/work/study/go/igo2/src/go-open/sample/service/user.go:17370.131µsINSERT INTO `profile` (`created_at`,`updated_at`,`name`,`user_id`) VALUES (?,?,?,?)[2019-05-16 09:56:22.125013 +0800 CST m=+32.908835175 2019-05-16 09:56:22.125013 +0800 CST m=+32.908835175 ppsssp 44] 1"
time="2019-05-16T09:56:34+08:00" level=info msg=">>>>>>>>>>>>【 POST 】 /test/Add/ ### param: map[] ### query: map[] ### body: map[Email:xxx Name:hai Age:101]"
time="2019-05-16T09:56:34+08:00" level=info msg="sql/Users/haizhang/work/study/go/igo2/src/go-open/sample/service/user.go:17466.647µsINSERT INTO `user` (`created_at`,`updated_at`,`age`,`name`) VALUES (?,?,?,?)[2019-05-16 09:56:34.545973 +0800 CST m=+45.329937765 2019-05-16 09:56:34.545973 +0800 CST m=+45.329937765 11 ] 1"
time="2019-05-16T09:56:34+08:00" level=info msg="sql/Users/haizhang/work/study/go/igo2/src/go-open/sample/service/user.go:17365.851µsINSERT INTO `email` (`created_at`,`updated_at`,`email`,`user_id`) VALUES (?,?,?,?)[2019-05-16 09:56:34.546609 +0800 CST m=+45.330573805 2019-05-16 09:56:34.546609 +0800 CST m=+45.330573805 email###sads## 45] 1"
time="2019-05-16T09:56:34+08:00" level=info msg="sql/Users/haizhang/work/study/go/igo2/src/go-open/sample/service/user.go:17391.434µsINSERT INTO `profile` (`created_at`,`updated_at`,`name`,`user_id`) VALUES (?,?,?,?)[2019-05-16 09:56:34.54717 +0800 CST m=+45.331135456 2019-05-16 09:56:34.54717 +0800 CST m=+45.331135456 ppsssp 45] 1"
time="2019-05-16T09:56:54+08:00" level=info msg=">>>>>>>>>>>>【 POST 】 /test/Add/ ### param: map[] ### query: map[] ### body: map[Name:hai Age:101 Email:xxx]"
time="2019-05-16T09:57:07+08:00" level=info msg="sql/Users/haizhang/work/study/go/igo2/src/go-open/sample/service/user.go:17453.038µsINSERT INTO `user` (`created_at`,`updated_at`,`age`,`name`) VALUES (?,?,?,?)[2019-05-16 09:57:07.372038 +0800 CST m=+78.156379329 2019-05-16 09:57:07.372038 +0800 CST m=+78.156379329 11 ] 1"
time="2019-05-16T09:57:07+08:00" level=info msg="sql/Users/haizhang/work/study/go/igo2/src/go-open/sample/service/user.go:17340.501µsINSERT INTO `email` (`created_at`,`updated_at`,`email`,`user_id`) VALUES (?,?,?,?)[2019-05-16 09:57:07.375723 +0800 CST m=+78.160064182 2019-05-16 09:57:07.375723 +0800 CST m=+78.160064182 email###sads## 46] 1"
time="2019-05-16T09:57:07+08:00" level=info msg="sql/Users/haizhang/work/study/go/igo2/src/go-open/sample/service/user.go:17439.727µsINSERT INTO `profile` (`created_at`,`updated_at`,`name`,`user_id`) VALUES (?,?,?,?)[2019-05-16 09:57:07.376243 +0800 CST m=+78.160584790 2019-05-16 09:57:07.376243 +0800 CST m=+78.160584790 ppsssp 46] 1"
