time="2019-05-10T10:55:22+08:00" level=info msg="server will launch, listening port :3000"
time="2019-05-10T10:55:44+08:00" level=info msg="server will launch, listening port :3000"
time="2019-05-10T10:57:53+08:00" level=info msg="server will launch, listening port :3000"
time="2019-05-10T10:59:31+08:00" level=info msg="server will launch, listening port :3000"
time="2019-05-10T11:00:04+08:00" level=info msg="server will launch, listening port :3000"
time="2019-05-10T11:00:19+08:00" level=info msg="server will launch, listening port :3000"
time="2019-05-10T11:00:34+08:00" level=info msg="server will launch, listening port :3000"
time="2019-05-10T11:01:21+08:00" level=info msg="server will launch, listening port :3000"
time="2019-05-10T11:02:09+08:00" level=info msg="server will launch, listening port :3000"
time="2019-05-10T11:05:29+08:00" level=info msg="server will launch, listening port :3000"
time="2019-05-10T11:05:51+08:00" level=info msg="server will launch, listening port :3000"
time="2019-05-10T11:10:26+08:00" level=info msg="server will launch, listening port :3000"
time="2019-05-10T11:11:27+08:00" level=info msg="server will launch, listening port :3000"
time="2019-05-10T11:11:59+08:00" level=info msg="server will launch, listening port :3000"
time="2019-05-10T11:12:17+08:00" level=info msg="server will launch, listening port :3000"
time="2019-05-10T11:13:02+08:00" level=info msg="server will launch, listening port :3000"
time="2019-05-10T11:14:08+08:00" level=info msg="server will launch, listening port :3000"
time="2019-05-10T11:17:16+08:00" level=info msg="server will launch, listening port :3000"
time="2019-05-10T11:17:18+08:00" level=info msg="/Users/haizhang/work/study/go/igo2/src/go-open/sample/service/user.go:14Error 1062: Duplicate entry '1' for key 'PRIMARY'"
time="2019-05-10T11:19:17+08:00" level=info msg="server will launch, listening port :3000"
time="2019-05-10T11:20:45+08:00" level=info msg="server will launch, listening port :3000"
time="2019-05-10T11:21:18+08:00" level=info msg="server will launch, listening port :3000"
time="2019-05-10T11:22:19+08:00" level=info msg="server will launch, listening port :3000"
time="2019-05-10T11:22:42+08:00" level=info msg="server will launch, listening port :3000"
time="2019-05-10T11:22:44+08:00" level=info msg="/Users/haizhang/work/study/go/igo2/src/go-open/sample/service/user.go:15Error 1062: Duplicate entry '1' for key 'PRIMARY'"
time="2019-05-10T11:23:04+08:00" level=info msg="server will launch, listening port :3000"
time="2019-05-10T11:23:10+08:00" level=info msg="/Users/haizhang/work/study/go/igo2/src/go-open/sample/service/user.go:15Error 1062: Duplicate entry '1' for key 'PRIMARY'"
time="2019-05-10T11:25:22+08:00" level=info msg="server will launch, listening port :3000"
time="2019-05-10T11:26:39+08:00" level=info msg="server will launch, listening port :3000"
time="2019-05-10T11:28:36+08:00" level=info msg="server will launch, listening port :3000"
time="2019-05-10T11:29:34+08:00" level=info msg="server will launch, listening port :3000"
time="2019-05-10T11:30:47+08:00" level=info msg="server will launch, listening port :3000"
time="2019-05-10T11:30:53+08:00" level=info msg="sql/Users/haizhang/work/study/go/igo2/src/go-open/sample/service/user.go:291.063712msSELECT * FROM `user`  [] 3"
time="2019-05-10T11:31:59+08:00" level=info msg="sql/Users/haizhang/work/study/go/igo2/src/go-open/sample/service/user.go:29983.803µsSELECT * FROM `user`  [] 3"
time="2019-05-10T11:32:57+08:00" level=info msg="server will launch, listening port :3000"
time="2019-05-10T11:32:59+08:00" level=info msg="sql/Users/haizhang/work/study/go/igo2/src/go-open/sample/service/user.go:291.072557msSELECT * FROM `user`  [] 3"
time="2019-05-10T11:33:14+08:00" level=info msg="server will launch, listening port :3000"
time="2019-05-10T11:33:17+08:00" level=info msg="sql/Users/haizhang/work/study/go/igo2/src/go-open/sample/service/user.go:291.134985msSELECT * FROM `user`  [] 3"
time="2019-05-10T11:41:50+08:00" level=info msg="server will launch, listening port :3000"
time="2019-05-10T11:41:52+08:00" level=info msg="sql/Users/haizhang/work/study/go/igo2/src/go-open/sample/service/user.go:291.162442msSELECT * FROM `user`  [] 3"
time="2019-05-10T11:42:20+08:00" level=info msg="server will launch, listening port :3000"
time="2019-05-10T11:42:22+08:00" level=info msg="sql/Users/haizhang/work/study/go/igo2/src/go-open/sample/service/user.go:291.238273msSELECT * FROM `user`  [] 3"
time="2019-05-10T13:16:35+08:00" level=info msg="sql/Users/haizhang/work/study/go/igo2/src/go-open/sample/model/model.go:134.142798msALTER TABLE `user` ADD `profile_refer` int;[] 0"
time="2019-05-10T13:16:35+08:00" level=info msg="sql/Users/haizhang/work/study/go/igo2/src/go-open/sample/model/model.go:1319.196471msCREATE TABLE `email` (`id` int unsigned AUTO_INCREMENT,`created_at` timestamp NULL,`updated_at` timestamp NULL,`email` int , PRIMARY KEY (`id`))[] 0"
time="2019-05-10T13:16:35+08:00" level=info msg="server will launch, listening port :3000"
time="2019-05-10T13:17:14+08:00" level=info msg="sql/Users/haizhang/work/study/go/igo2/src/go-open/sample/model/model.go:1322.650226msCREATE TABLE `profile` (`id` int unsigned AUTO_INCREMENT,`created_at` timestamp NULL,`updated_at` timestamp NULL,`name` varchar(255) , PRIMARY KEY (`id`))[] 0"
time="2019-05-10T13:17:14+08:00" level=info msg="server will launch, listening port :3000"
time="2019-05-10T13:19:49+08:00" level=info msg="sql/Users/haizhang/work/study/go/igo2/src/go-open/sample/model/model.go:132.811625msALTER TABLE `user` ADD `profile_id` int;[] 0"
time="2019-05-10T13:19:49+08:00" level=info msg="server will launch, listening port :3000"
time="2019-05-10T13:20:47+08:00" level=info msg="sql/Users/haizhang/work/study/go/igo2/src/go-open/sample/model/model.go:132.904517msALTER TABLE `user` ADD `email_id` varchar(255);[] 0"
time="2019-05-10T13:20:47+08:00" level=info msg="server will launch, listening port :3000"
time="2019-05-10T13:29:24+08:00" level=info msg="server will launch, listening port :3000"
time="2019-05-10T13:29:35+08:00" level=info msg="sql/Users/haizhang/work/study/go/igo2/src/go-open/sample/service/user.go:16414.917µsINSERT INTO `profile` (`created_at`,`updated_at`,`name`) VALUES (?,?,?)[2019-05-10 13:29:35.097803 +0800 CST m=+10.885341586 2019-05-10 13:29:35.097803 +0800 CST m=+10.885341586 ppp] 1"
time="2019-05-10T13:29:35+08:00" level=info msg="sql/Users/haizhang/work/study/go/igo2/src/go-open/sample/service/user.go:16331.118µsINSERT INTO `user` (`created_at`,`updated_at`,`age`,`name`,`email_id`,`profile_id`) VALUES (?,?,?,?,?,?)[2019-05-10 13:29:35.098379 +0800 CST m=+10.885917693 2019-05-10 13:29:35.098379 +0800 CST m=+10.885917693 11   1] 1"
time="2019-05-10T13:33:53+08:00" level=info msg="sql/Users/haizhang/work/study/go/igo2/src/go-open/sample/model/model.go:132.924695msALTER TABLE `user` ADD `profile_id` int;[] 0"
time="2019-05-10T13:33:53+08:00" level=info msg="sql/Users/haizhang/work/study/go/igo2/src/go-open/sample/model/model.go:1315.391115msCREATE TABLE `profile` (`id` int unsigned AUTO_INCREMENT,`created_at` timestamp NULL,`updated_at` timestamp NULL,`name` varchar(255) , PRIMARY KEY (`id`))[] 0"
time="2019-05-10T13:33:53+08:00" level=info msg="server will launch, listening port :3000"
time="2019-05-10T13:35:28+08:00" level=info msg="sql/Users/haizhang/work/study/go/igo2/src/go-open/sample/model/model.go:133.202251msALTER TABLE `email` ADD `user_id` int;[] 0"
time="2019-05-10T13:35:28+08:00" level=info msg="server will launch, listening port :3000"
time="2019-05-10T13:35:48+08:00" level=info msg="server will launch, listening port :3000"
time="2019-05-10T13:38:21+08:00" level=info msg="server will launch, listening port :3000"
time="2019-05-10T13:38:23+08:00" level=info msg="sql/Users/haizhang/work/study/go/igo2/src/go-open/sample/service/user.go:15451.843µsINSERT INTO `profile` (`created_at`,`updated_at`,`name`) VALUES (?,?,?)[2019-05-10 13:38:23.063647 +0800 CST m=+1.449497322 2019-05-10 13:38:23.063647 +0800 CST m=+1.449497322 ppp] 1"
time="2019-05-10T13:38:23+08:00" level=info msg="sql/Users/haizhang/work/study/go/igo2/src/go-open/sample/service/user.go:15311.776µsINSERT INTO `user` (`created_at`,`updated_at`,`age`,`name`,`profile_id`) VALUES (?,?,?,?,?)[2019-05-10 13:38:23.064264 +0800 CST m=+1.450114131 2019-05-10 13:38:23.064264 +0800 CST m=+1.450114131 11  1] 1"
time="2019-05-10T13:45:35+08:00" level=info msg="server will launch, listening port :3000"
time="2019-05-10T13:45:40+08:00" level=info msg="sql/Users/haizhang/work/study/go/igo2/src/go-open/sample/service/user.go:16459.3µsINSERT INTO `profile` (`created_at`,`updated_at`,`name`) VALUES (?,?,?)[2019-05-10 13:45:40.381858 +0800 CST m=+4.754017310 2019-05-10 13:45:40.381858 +0800 CST m=+4.754017310 ppp] 1"
time="2019-05-10T13:45:40+08:00" level=info msg="sql/Users/haizhang/work/study/go/igo2/src/go-open/sample/service/user.go:16339.915µsINSERT INTO `user` (`created_at`,`updated_at`,`age`,`name`,`profile_id`) VALUES (?,?,?,?,?)[2019-05-10 13:45:40.382491 +0800 CST m=+4.754650043 2019-05-10 13:45:40.382491 +0800 CST m=+4.754650043 11  2] 1"
time="2019-05-10T13:45:40+08:00" level=info msg="log/Users/haizhang/work/study/go/igo2/src/go-open/sample/service/user.go:19Error 1366: Incorrect integer value: 'email----' for column 'email' at row 1"
time="2019-05-10T13:45:40+08:00" level=info msg="sql/Users/haizhang/work/study/go/igo2/src/go-open/sample/service/user.go:19531.712µsINSERT INTO `email` (`id`,`created_at`,`updated_at`,`email`,`user_id`) VALUES (?,?,?,?,?)[6 2019-05-10 13:45:40.384867 +0800 CST m=+4.757026300 2019-05-10 13:45:40.384867 +0800 CST m=+4.757026300 email---- 0] 0"
time="2019-05-10T13:46:06+08:00" level=info msg="sql/Users/haizhang/work/study/go/igo2/src/go-open/sample/service/user.go:16398.573µsINSERT INTO `profile` (`created_at`,`updated_at`,`name`) VALUES (?,?,?)[2019-05-10 13:46:06.120091 +0800 CST m=+30.493106036 2019-05-10 13:46:06.120091 +0800 CST m=+30.493106036 ppp] 1"
time="2019-05-10T13:46:06+08:00" level=info msg="sql/Users/haizhang/work/study/go/igo2/src/go-open/sample/service/user.go:16306.73µsINSERT INTO `user` (`created_at`,`updated_at`,`age`,`name`,`profile_id`) VALUES (?,?,?,?,?)[2019-05-10 13:46:06.120623 +0800 CST m=+30.493638445 2019-05-10 13:46:06.120623 +0800 CST m=+30.493638445 11  3] 1"
time="2019-05-10T13:47:21+08:00" level=info msg="server will launch, listening port :3000"
time="2019-05-10T13:47:27+08:00" level=info msg="sql/Users/haizhang/work/study/go/igo2/src/go-open/sample/service/user.go:15475.848µsINSERT INTO `profile` (`created_at`,`updated_at`,`name`) VALUES (?,?,?)[2019-05-10 13:47:27.1111 +0800 CST m=+5.715719396 2019-05-10 13:47:27.1111 +0800 CST m=+5.715719396 ppp] 1"
time="2019-05-10T13:47:27+08:00" level=info msg="sql/Users/haizhang/work/study/go/igo2/src/go-open/sample/service/user.go:15317.506µsINSERT INTO `user` (`created_at`,`updated_at`,`age`,`name`,`profile_id`) VALUES (?,?,?,?,?)[2019-05-10 13:47:27.111791 +0800 CST m=+5.716411122 2019-05-10 13:47:27.111791 +0800 CST m=+5.716411122 11  4] 1"
time="2019-05-10T13:47:34+08:00" level=info msg="log/Users/haizhang/work/study/go/igo2/src/go-open/sample/service/user.go:18Error 1366: Incorrect integer value: 'email----' for column 'email' at row 1"
time="2019-05-10T13:47:34+08:00" level=info msg="sql/Users/haizhang/work/study/go/igo2/src/go-open/sample/service/user.go:18560.324µsINSERT INTO `email` (`created_at`,`updated_at`,`email`,`user_id`) VALUES (?,?,?,?)[2019-05-10 13:47:34.839437 +0800 CST m=+13.444313528 2019-05-10 13:47:34.839437 +0800 CST m=+13.444313528 email---- 8] 0"
time="2019-05-10T13:48:13+08:00" level=info msg="sql/Users/haizhang/work/study/go/igo2/src/go-open/sample/service/user.go:15369.147µsINSERT INTO `profile` (`created_at`,`updated_at`,`name`) VALUES (?,?,?)[2019-05-10 13:48:13.93478 +0800 CST m=+52.540956605 2019-05-10 13:48:13.93478 +0800 CST m=+52.540956605 ppp] 1"
time="2019-05-10T13:48:13+08:00" level=info msg="sql/Users/haizhang/work/study/go/igo2/src/go-open/sample/service/user.go:15340.467µsINSERT INTO `user` (`created_at`,`updated_at`,`age`,`name`,`profile_id`) VALUES (?,?,?,?,?)[2019-05-10 13:48:13.935314 +0800 CST m=+52.541490749 2019-05-10 13:48:13.935314 +0800 CST m=+52.541490749 11  5] 1"
time="2019-05-10T13:48:13+08:00" level=info msg="log/Users/haizhang/work/study/go/igo2/src/go-open/sample/service/user.go:18Error 1366: Incorrect integer value: 'email----' for column 'email' at row 1"
time="2019-05-10T13:48:13+08:00" level=info msg="sql/Users/haizhang/work/study/go/igo2/src/go-open/sample/service/user.go:18422.128µsINSERT INTO `email` (`created_at`,`updated_at`,`email`,`user_id`) VALUES (?,?,?,?)[2019-05-10 13:48:13.938354 +0800 CST m=+52.544530734 2019-05-10 13:48:13.938354 +0800 CST m=+52.544530734 email---- 9] 0"
time="2019-05-10T13:51:08+08:00" level=info msg="sql/Users/haizhang/work/study/go/igo2/src/go-open/sample/model/model.go:1315.972729msCREATE TABLE `email` (`id` int unsigned AUTO_INCREMENT,`created_at` timestamp NULL,`updated_at` timestamp NULL,`email` varchar(255),`user_id` int unsigned , PRIMARY KEY (`id`))[] 0"
time="2019-05-10T13:51:08+08:00" level=info msg="server will launch, listening port :3000"
time="2019-05-10T13:51:12+08:00" level=info msg="sql/Users/haizhang/work/study/go/igo2/src/go-open/sample/service/user.go:15427.704µsINSERT INTO `profile` (`created_at`,`updated_at`,`name`) VALUES (?,?,?)[2019-05-10 13:51:12.489802 +0800 CST m=+3.651290637 2019-05-10 13:51:12.489802 +0800 CST m=+3.651290637 ppp] 1"
time="2019-05-10T13:51:12+08:00" level=info msg="sql/Users/haizhang/work/study/go/igo2/src/go-open/sample/service/user.go:15301.157µsINSERT INTO `user` (`created_at`,`updated_at`,`age`,`name`,`profile_id`) VALUES (?,?,?,?,?)[2019-05-10 13:51:12.490376 +0800 CST m=+3.651864625 2019-05-10 13:51:12.490376 +0800 CST m=+3.651864625 11  6] 1"
time="2019-05-10T13:51:12+08:00" level=info msg="sql/Users/haizhang/work/study/go/igo2/src/go-open/sample/service/user.go:18507.198µsINSERT INTO `email` (`created_at`,`updated_at`,`email`,`user_id`) VALUES (?,?,?,?)[2019-05-10 13:51:12.492754 +0800 CST m=+3.654243173 2019-05-10 13:51:12.492754 +0800 CST m=+3.654243173 email---- 10] 1"
time="2019-05-10T13:54:43+08:00" level=info msg="server will launch, listening port :3000"
time="2019-05-10T13:54:47+08:00" level=info msg="sql/Users/haizhang/work/study/go/igo2/src/go-open/sample/service/user.go:351.095364msSELECT * FROM `email`  WHERE (`user_id` = ?)[0] 0"
time="2019-05-10T13:54:53+08:00" level=info msg="sql/Users/haizhang/work/study/go/igo2/src/go-open/sample/service/user.go:351.077537msSELECT * FROM `email`  WHERE (`user_id` = ?)[0] 0"
time="2019-05-10T13:55:15+08:00" level=info msg="server will launch, listening port :3000"
time="2019-05-10T13:55:16+08:00" level=info msg="sql/Users/haizhang/work/study/go/igo2/src/go-open/sample/service/user.go:351.119071msSELECT * FROM `email`  WHERE (`user_id` = ?)[0] 0"
time="2019-05-10T13:55:48+08:00" level=info msg="sql/Users/haizhang/work/study/go/igo2/src/go-open/sample/service/user.go:351.037295msSELECT * FROM `email`  WHERE (`user_id` = ?)[0] 0"
time="2019-05-10T13:56:39+08:00" level=info msg="server will launch, listening port :3000"
time="2019-05-10T13:56:41+08:00" level=info msg="sql/Users/haizhang/work/study/go/igo2/src/go-open/sample/service/user.go:361.045867msSELECT * FROM `email`  WHERE (`user_id` = ?)[9] 0"
time="2019-05-10T13:56:58+08:00" level=info msg="server will launch, listening port :3000"
time="2019-05-10T13:57:00+08:00" level=info msg="sql/Users/haizhang/work/study/go/igo2/src/go-open/sample/service/user.go:361.177733msSELECT * FROM `email`  WHERE (`user_id` = ?)[10] 1"
time="2019-05-10T13:57:33+08:00" level=info msg="server will launch, listening port :3000"
time="2019-05-10T13:57:36+08:00" level=info msg="sql/Users/haizhang/work/study/go/igo2/src/go-open/sample/service/user.go:361.340721msSELECT * FROM `email`  WHERE (`user_id` = ?)[10] 1"
time="2019-05-10T15:51:50+08:00" level=info msg="server will launch, listening port :3000"
time="2019-05-10T15:51:52+08:00" level=info msg="sql/Users/haizhang/work/study/go/igo2/src/go-open/sample/service/user.go:381.217247msSELECT * FROM `user`  WHERE `user`.`id` = ?[10] 1"
time="2019-05-10T15:51:52+08:00" level=info msg="sql/Users/haizhang/work/study/go/igo2/src/go-open/sample/service/user.go:381.08432msSELECT * FROM `email`  WHERE (`user_id` IN (?))[10] 1"
time="2019-05-10T15:52:35+08:00" level=info msg="server will launch, listening port :3000"
time="2019-05-10T15:52:38+08:00" level=info msg="sql/Users/haizhang/work/study/go/igo2/src/go-open/sample/service/user.go:381.284062msSELECT * FROM `user`  WHERE `user`.`id` = ?[10] 1"
time="2019-05-10T15:52:38+08:00" level=info msg="sql/Users/haizhang/work/study/go/igo2/src/go-open/sample/service/user.go:381.146136msSELECT * FROM `email`  WHERE (`user_id` IN (?))[10] 1"
time="2019-05-10T15:52:38+08:00" level=info msg="sql/Users/haizhang/work/study/go/igo2/src/go-open/sample/service/user.go:38929.077µsSELECT * FROM `profile`  WHERE (`id` IN (?))[6] 1"
time="2019-05-10T15:57:28+08:00" level=info msg="sql/Users/haizhang/work/study/go/igo2/src/go-open/sample/model/model.go:133.184088msALTER TABLE `profile` ADD `user_id` int unsigned;[] 0"
time="2019-05-10T15:57:28+08:00" level=info msg="server will launch, listening port :3000"
time="2019-05-10T15:57:57+08:00" level=info msg="sql/Users/haizhang/work/study/go/igo2/src/go-open/sample/service/user.go:381.119506msSELECT * FROM `user`  WHERE `user`.`id` = ?[10] 1"
time="2019-05-10T15:57:57+08:00" level=info msg="sql/Users/haizhang/work/study/go/igo2/src/go-open/sample/service/user.go:38886.028µsSELECT * FROM `email`  WHERE (`user_id` IN (?))[10] 1"
time="2019-05-10T15:57:57+08:00" level=info msg="sql/Users/haizhang/work/study/go/igo2/src/go-open/sample/service/user.go:38867.952µsSELECT * FROM `profile`  WHERE (`user_id` IN (?))[10] 0"
time="2019-05-10T15:58:26+08:00" level=info msg="sql/Users/haizhang/work/study/go/igo2/src/go-open/sample/service/user.go:381.171668msSELECT * FROM `user`  WHERE `user`.`id` = ?[10] 1"
time="2019-05-10T15:58:26+08:00" level=info msg="sql/Users/haizhang/work/study/go/igo2/src/go-open/sample/service/user.go:38944.816µsSELECT * FROM `email`  WHERE (`user_id` IN (?))[10] 1"
time="2019-05-10T15:58:26+08:00" level=info msg="sql/Users/haizhang/work/study/go/igo2/src/go-open/sample/service/user.go:38890.138µsSELECT * FROM `profile`  WHERE (`user_id` IN (?))[10] 1"
time="2019-05-10T15:59:21+08:00" level=info msg="server will launch, listening port :3000"
time="2019-05-10T15:59:25+08:00" level=info msg="sql/Users/haizhang/work/study/go/igo2/src/go-open/sample/service/user.go:381.203337msSELECT * FROM `user`  WHERE `user`.`id` = ?[10] 1"
time="2019-05-10T15:59:25+08:00" level=info msg="sql/Users/haizhang/work/study/go/igo2/src/go-open/sample/service/user.go:38985.624µsSELECT * FROM `email`  WHERE (`user_id` IN (?))[10] 1"
time="2019-05-10T15:59:25+08:00" level=info msg="sql/Users/haizhang/work/study/go/igo2/src/go-open/sample/service/user.go:38920.526µsSELECT * FROM `profile`  WHERE (`user_id` IN (?))[10] 1"
time="2019-05-10T15:59:58+08:00" level=info msg="server will launch, listening port :3000"
time="2019-05-10T15:59:59+08:00" level=info msg="sql/Users/haizhang/work/study/go/igo2/src/go-open/sample/service/user.go:381.248415msSELECT * FROM `user`  WHERE `user`.`id` = ?[10] 1"
time="2019-05-10T15:59:59+08:00" level=info msg="sql/Users/haizhang/work/study/go/igo2/src/go-open/sample/service/user.go:38833.478µsSELECT * FROM `email`  WHERE (`user_id` IN (?))[10] 1"
time="2019-05-10T15:59:59+08:00" level=info msg="sql/Users/haizhang/work/study/go/igo2/src/go-open/sample/service/user.go:38824.869µsSELECT * FROM `profile`  WHERE (`user_id` IN (?))[10] 1"
time="2019-05-10T16:01:01+08:00" level=info msg="sql/Users/haizhang/work/study/go/igo2/src/go-open/sample/service/user.go:381.083539msSELECT * FROM `user`  WHERE `user`.`id` = ?[10] 1"
time="2019-05-10T16:01:01+08:00" level=info msg="sql/Users/haizhang/work/study/go/igo2/src/go-open/sample/service/user.go:381.016889msSELECT * FROM `email`  WHERE (`user_id` IN (?))[10] 1"
time="2019-05-10T16:01:01+08:00" level=info msg="sql/Users/haizhang/work/study/go/igo2/src/go-open/sample/service/user.go:381.015306msSELECT * FROM `profile`  WHERE (`user_id` IN (?))[10] 1"
time="2019-05-10T16:01:01+08:00" level=info msg="sql/Users/haizhang/work/study/go/igo2/src/go-open/sample/service/user.go:381.025707msSELECT * FROM `user`  WHERE `user`.`id` = ?[10] 1"
time="2019-05-10T16:01:01+08:00" level=info msg="sql/Users/haizhang/work/study/go/igo2/src/go-open/sample/service/user.go:38931.325µsSELECT * FROM `email`  WHERE (`user_id` IN (?))[10] 1"
time="2019-05-10T16:01:01+08:00" level=info msg="sql/Users/haizhang/work/study/go/igo2/src/go-open/sample/service/user.go:38997.263µsSELECT * FROM `profile`  WHERE (`user_id` IN (?))[10] 1"
time="2019-05-10T16:01:02+08:00" level=info msg="sql/Users/haizhang/work/study/go/igo2/src/go-open/sample/service/user.go:38977.93µsSELECT * FROM `user`  WHERE `user`.`id` = ?[10] 1"
time="2019-05-10T16:01:02+08:00" level=info msg="sql/Users/haizhang/work/study/go/igo2/src/go-open/sample/service/user.go:381.113176msSELECT * FROM `email`  WHERE (`user_id` IN (?))[10] 1"
time="2019-05-10T16:01:02+08:00" level=info msg="sql/Users/haizhang/work/study/go/igo2/src/go-open/sample/service/user.go:38876.664µsSELECT * FROM `profile`  WHERE (`user_id` IN (?))[10] 1"
time="2019-05-10T16:01:02+08:00" level=info msg="sql/Users/haizhang/work/study/go/igo2/src/go-open/sample/service/user.go:381.079134msSELECT * FROM `user`  WHERE `user`.`id` = ?[10] 1"
time="2019-05-10T16:01:02+08:00" level=info msg="sql/Users/haizhang/work/study/go/igo2/src/go-open/sample/service/user.go:38926.104µsSELECT * FROM `email`  WHERE (`user_id` IN (?))[10] 1"
time="2019-05-10T16:01:02+08:00" level=info msg="sql/Users/haizhang/work/study/go/igo2/src/go-open/sample/service/user.go:38905.082µsSELECT * FROM `profile`  WHERE (`user_id` IN (?))[10] 1"
time="2019-05-10T16:01:02+08:00" level=info msg="sql/Users/haizhang/work/study/go/igo2/src/go-open/sample/service/user.go:381.055173msSELECT * FROM `user`  WHERE `user`.`id` = ?[10] 1"
time="2019-05-10T16:01:02+08:00" level=info msg="sql/Users/haizhang/work/study/go/igo2/src/go-open/sample/service/user.go:38970.958µsSELECT * FROM `email`  WHERE (`user_id` IN (?))[10] 1"
time="2019-05-10T16:01:02+08:00" level=info msg="sql/Users/haizhang/work/study/go/igo2/src/go-open/sample/service/user.go:38828.033µsSELECT * FROM `profile`  WHERE (`user_id` IN (?))[10] 1"
time="2019-05-10T16:01:02+08:00" level=info msg="sql/Users/haizhang/work/study/go/igo2/src/go-open/sample/service/user.go:381.071806msSELECT * FROM `user`  WHERE `user`.`id` = ?[10] 1"
time="2019-05-10T16:01:02+08:00" level=info msg="sql/Users/haizhang/work/study/go/igo2/src/go-open/sample/service/user.go:381.000301msSELECT * FROM `email`  WHERE (`user_id` IN (?))[10] 1"
time="2019-05-10T16:01:02+08:00" level=info msg="sql/Users/haizhang/work/study/go/igo2/src/go-open/sample/service/user.go:38901.273µsSELECT * FROM `profile`  WHERE (`user_id` IN (?))[10] 1"
time="2019-05-10T16:01:02+08:00" level=info msg="sql/Users/haizhang/work/study/go/igo2/src/go-open/sample/service/user.go:381.199982msSELECT * FROM `user`  WHERE `user`.`id` = ?[10] 1"
time="2019-05-10T16:01:02+08:00" level=info msg="sql/Users/haizhang/work/study/go/igo2/src/go-open/sample/service/user.go:38927.788µsSELECT * FROM `email`  WHERE (`user_id` IN (?))[10] 1"
time="2019-05-10T16:01:02+08:00" level=info msg="sql/Users/haizhang/work/study/go/igo2/src/go-open/sample/service/user.go:38850.196µsSELECT * FROM `profile`  WHERE (`user_id` IN (?))[10] 1"
time="2019-05-10T16:01:02+08:00" level=info msg="sql/Users/haizhang/work/study/go/igo2/src/go-open/sample/service/user.go:381.038144msSELECT * FROM `user`  WHERE `user`.`id` = ?[10] 1"
time="2019-05-10T16:01:02+08:00" level=info msg="sql/Users/haizhang/work/study/go/igo2/src/go-open/sample/service/user.go:38858.094µsSELECT * FROM `email`  WHERE (`user_id` IN (?))[10] 1"
time="2019-05-10T16:01:02+08:00" level=info msg="sql/Users/haizhang/work/study/go/igo2/src/go-open/sample/service/user.go:38838.001µsSELECT * FROM `profile`  WHERE (`user_id` IN (?))[10] 1"
time="2019-05-10T16:01:03+08:00" level=info msg="sql/Users/haizhang/work/study/go/igo2/src/go-open/sample/service/user.go:381.064306msSELECT * FROM `user`  WHERE `user`.`id` = ?[10] 1"
time="2019-05-10T16:01:03+08:00" level=info msg="sql/Users/haizhang/work/study/go/igo2/src/go-open/sample/service/user.go:38971.812µsSELECT * FROM `email`  WHERE (`user_id` IN (?))[10] 1"
time="2019-05-10T16:01:03+08:00" level=info msg="sql/Users/haizhang/work/study/go/igo2/src/go-open/sample/service/user.go:38880.94µsSELECT * FROM `profile`  WHERE (`user_id` IN (?))[10] 1"
time="2019-05-10T16:01:03+08:00" level=info msg="sql/Users/haizhang/work/study/go/igo2/src/go-open/sample/service/user.go:381.149943msSELECT * FROM `user`  WHERE `user`.`id` = ?[10] 1"
time="2019-05-10T16:01:03+08:00" level=info msg="sql/Users/haizhang/work/study/go/igo2/src/go-open/sample/service/user.go:38988.718µsSELECT * FROM `email`  WHERE (`user_id` IN (?))[10] 1"
time="2019-05-10T16:01:03+08:00" level=info msg="sql/Users/haizhang/work/study/go/igo2/src/go-open/sample/service/user.go:381.022022msSELECT * FROM `profile`  WHERE (`user_id` IN (?))[10] 1"
time="2019-05-10T16:01:03+08:00" level=info msg="sql/Users/haizhang/work/study/go/igo2/src/go-open/sample/service/user.go:381.034969msSELECT * FROM `user`  WHERE `user`.`id` = ?[10] 1"
time="2019-05-10T16:01:03+08:00" level=info msg="sql/Users/haizhang/work/study/go/igo2/src/go-open/sample/service/user.go:38955.145µsSELECT * FROM `email`  WHERE (`user_id` IN (?))[10] 1"
time="2019-05-10T16:01:03+08:00" level=info msg="sql/Users/haizhang/work/study/go/igo2/src/go-open/sample/service/user.go:38926.121µsSELECT * FROM `profile`  WHERE (`user_id` IN (?))[10] 1"
time="2019-05-10T16:01:03+08:00" level=info msg="sql/Users/haizhang/work/study/go/igo2/src/go-open/sample/service/user.go:381.143036msSELECT * FROM `user`  WHERE `user`.`id` = ?[10] 1"
time="2019-05-10T16:01:03+08:00" level=info msg="sql/Users/haizhang/work/study/go/igo2/src/go-open/sample/service/user.go:38882.505µsSELECT * FROM `email`  WHERE (`user_id` IN (?))[10] 1"
time="2019-05-10T16:01:03+08:00" level=info msg="sql/Users/haizhang/work/study/go/igo2/src/go-open/sample/service/user.go:38822.192µsSELECT * FROM `profile`  WHERE (`user_id` IN (?))[10] 1"
time="2019-05-10T16:01:04+08:00" level=info msg="sql/Users/haizhang/work/study/go/igo2/src/go-open/sample/service/user.go:381.056263msSELECT * FROM `user`  WHERE `user`.`id` = ?[10] 1"
time="2019-05-10T16:01:04+08:00" level=info msg="sql/Users/haizhang/work/study/go/igo2/src/go-open/sample/service/user.go:381.129msSELECT * FROM `email`  WHERE (`user_id` IN (?))[10] 1"
time="2019-05-10T16:01:04+08:00" level=info msg="sql/Users/haizhang/work/study/go/igo2/src/go-open/sample/service/user.go:38980.421µsSELECT * FROM `profile`  WHERE (`user_id` IN (?))[10] 1"
time="2019-05-10T16:09:00+08:00" level=info msg="server will launch, listening port :3000"
time="2019-05-10T16:09:02+08:00" level=info msg=">>>>>>>>>>>>[GET] /Query/ ### param: map[] ### query: map[] ### body: map[]"
time="2019-05-10T16:09:02+08:00" level=info msg="sql/Users/haizhang/work/study/go/igo2/src/go-open/sample/service/user.go:381.063824msSELECT * FROM `user`  WHERE `user`.`id` = ?[10] 1"
time="2019-05-10T16:09:02+08:00" level=info msg="sql/Users/haizhang/work/study/go/igo2/src/go-open/sample/service/user.go:38834.909µsSELECT * FROM `email`  WHERE (`user_id` IN (?))[10] 1"
time="2019-05-10T16:09:02+08:00" level=info msg="sql/Users/haizhang/work/study/go/igo2/src/go-open/sample/service/user.go:38778.996µsSELECT * FROM `profile`  WHERE (`user_id` IN (?))[10] 1"
time="2019-05-10T16:09:22+08:00" level=info msg=">>>>>>>>>>>>[GET] /Query/ ### param: map[] ### query: map[] ### body: map[]"
time="2019-05-10T16:09:22+08:00" level=info msg="sql/Users/haizhang/work/study/go/igo2/src/go-open/sample/service/user.go:38988.763µsSELECT * FROM `user`  WHERE `user`.`id` = ?[10] 1"
time="2019-05-10T16:09:22+08:00" level=info msg="sql/Users/haizhang/work/study/go/igo2/src/go-open/sample/service/user.go:38889.297µsSELECT * FROM `email`  WHERE (`user_id` IN (?))[10] 1"
time="2019-05-10T16:09:22+08:00" level=info msg="sql/Users/haizhang/work/study/go/igo2/src/go-open/sample/service/user.go:38882.485µsSELECT * FROM `profile`  WHERE (`user_id` IN (?))[10] 1"
time="2019-05-10T16:10:17+08:00" level=info msg="server will launch, listening port :3000"
time="2019-05-10T16:10:19+08:00" level=info msg=">>>>>>>>>>>>[GET] /Query/ ### param: map[] ### query: map[name:hai] ### body: map[name:hai]"
time="2019-05-10T16:10:19+08:00" level=info msg="sql/Users/haizhang/work/study/go/igo2/src/go-open/sample/service/user.go:381.253022msSELECT * FROM `user`  WHERE `user`.`id` = ?[10] 1"
time="2019-05-10T16:10:19+08:00" level=info msg="sql/Users/haizhang/work/study/go/igo2/src/go-open/sample/service/user.go:381.163829msSELECT * FROM `email`  WHERE (`user_id` IN (?))[10] 1"
time="2019-05-10T16:10:19+08:00" level=info msg="sql/Users/haizhang/work/study/go/igo2/src/go-open/sample/service/user.go:381.063339msSELECT * FROM `profile`  WHERE (`user_id` IN (?))[10] 1"
time="2019-05-10T16:10:35+08:00" level=info msg="server will launch, listening port :3000"
time="2019-05-10T16:10:38+08:00" level=info msg=">>>>>>>>>>>>[GET] /Query/ ### param: map[] ### query: map[name:hai] ### body: map[]"
time="2019-05-10T16:10:38+08:00" level=info msg="sql/Users/haizhang/work/study/go/igo2/src/go-open/sample/service/user.go:381.089834msSELECT * FROM `user`  WHERE `user`.`id` = ?[10] 1"
time="2019-05-10T16:10:38+08:00" level=info msg="sql/Users/haizhang/work/study/go/igo2/src/go-open/sample/service/user.go:38893.24µsSELECT * FROM `email`  WHERE (`user_id` IN (?))[10] 1"
time="2019-05-10T16:10:38+08:00" level=info msg="sql/Users/haizhang/work/study/go/igo2/src/go-open/sample/service/user.go:38797.631µsSELECT * FROM `profile`  WHERE (`user_id` IN (?))[10] 1"
time="2019-05-10T16:11:36+08:00" level=info msg="server will launch, listening port :3000"
time="2019-05-10T16:11:38+08:00" level=info msg=">>>>>>>>>>>>【 GET 】 /Query/ ### param: map[] ### query: map[name:hai] ### body: map[]"
time="2019-05-10T16:11:38+08:00" level=info msg="sql/Users/haizhang/work/study/go/igo2/src/go-open/sample/service/user.go:381.123138msSELECT * FROM `user`  WHERE `user`.`id` = ?[10] 1"
time="2019-05-10T16:11:38+08:00" level=info msg="sql/Users/haizhang/work/study/go/igo2/src/go-open/sample/service/user.go:38843.543µsSELECT * FROM `email`  WHERE (`user_id` IN (?))[10] 1"
time="2019-05-10T16:11:38+08:00" level=info msg="sql/Users/haizhang/work/study/go/igo2/src/go-open/sample/service/user.go:38852.392µsSELECT * FROM `profile`  WHERE (`user_id` IN (?))[10] 1"
time="2019-05-10T16:15:49+08:00" level=info msg="server will launch, listening port :3000"
time="2019-05-10T16:16:28+08:00" level=info msg="server will launch, listening port :3000"
time="2019-05-10T16:17:07+08:00" level=info msg=">>>>>>>>>>>>【 GET 】 /Query/ ### param: map[] ### query: map[name:hai] ### body: map[]"
time="2019-05-10T16:17:07+08:00" level=info msg="sql/Users/haizhang/work/study/go/igo2/src/go-open/sample/service/user.go:381.195007msSELECT * FROM `user`  WHERE `user`.`id` = ?[10] 1"
time="2019-05-10T16:17:07+08:00" level=info msg="sql/Users/haizhang/work/study/go/igo2/src/go-open/sample/service/user.go:38848.452µsSELECT * FROM `email`  WHERE (`user_id` IN (?))[10] 1"
time="2019-05-10T16:17:07+08:00" level=info msg="sql/Users/haizhang/work/study/go/igo2/src/go-open/sample/service/user.go:38802.464µsSELECT * FROM `profile`  WHERE (`user_id` IN (?))[10] 1"
time="2019-05-10T16:20:02+08:00" level=info msg=">>>>>>>>>>>>【 POST 】 /Update/ ### param: map[] ### query: map[] ### body: map[]"
time="2019-05-10T16:20:02+08:00" level=info msg="sql/Users/haizhang/work/study/go/igo2/src/go-open/sample/service/user.go:26391.246µsUPDATE `user` SET `updated_at` = ?, `age` = ?, `name` = ?  WHERE `user`.`id` = ?[2019-05-10 16:20:02.406631 +0800 CST m=+214.370733574 11  1] 1"
time="2019-05-10T16:22:26+08:00" level=info msg=">>>>>>>>>>>>【 POST 】 /Update/ ### param: map[] ### query: map[] ### body: map[]"
time="2019-05-10T16:22:26+08:00" level=info msg="sql/Users/haizhang/work/study/go/igo2/src/go-open/sample/service/user.go:26445.989µsUPDATE `user` SET `updated_at` = ?, `age` = ?, `name` = ?  WHERE `user`.`id` = ?[2019-05-10 16:22:26.639974 +0800 CST m=+358.608443619 11  1] 1"
time="2019-05-10T16:22:53+08:00" level=info msg=">>>>>>>>>>>>【 POST 】 /Update/ ### param: map[] ### query: map[] ### body: map[]"
time="2019-05-10T16:22:53+08:00" level=info msg="sql/Users/haizhang/work/study/go/igo2/src/go-open/sample/service/user.go:26485.13µsUPDATE `user` SET `updated_at` = ?, `age` = ?, `name` = ?  WHERE `user`.`id` = ?[2019-05-10 16:22:53.23438 +0800 CST m=+385.203654052 11  1] 1"
time="2019-05-10T16:23:03+08:00" level=info msg=">>>>>>>>>>>>【 POST 】 /Update/ ### param: map[] ### query: map[] ### body: map[]"
time="2019-05-10T16:23:03+08:00" level=info msg="sql/Users/haizhang/work/study/go/igo2/src/go-open/sample/service/user.go:26463.3µsUPDATE `user` SET `updated_at` = ?, `age` = ?, `name` = ?  WHERE `user`.`id` = ?[2019-05-10 16:23:03.207611 +0800 CST m=+395.177186792 11  1] 1"
time="2019-05-10T16:24:39+08:00" level=info msg="db connect with path: root:hys_1234@/test?charset=utf8&parseTime=True&loc=(Asia/Shanghai)   err: invalid DSN: network address not terminated (missing closing brace) \n"
time="2019-05-10T16:26:09+08:00" level=info msg="server will launch, listening port :3000"
time="2019-05-10T16:26:14+08:00" level=info msg=">>>>>>>>>>>>【 POST 】 /Update/ ### param: map[] ### query: map[] ### body: map[]"
time="2019-05-10T16:26:14+08:00" level=info msg="sql/Users/haizhang/work/study/go/igo2/src/go-open/sample/service/user.go:26447.083µsUPDATE `user` SET `updated_at` = ?, `age` = ?, `name` = ?  WHERE `user`.`id` = ?[2019-05-10 16:26:14.357117 +0800 CST m=+4.471856139 11  1] 1"
time="2019-05-10T16:31:12+08:00" level=info msg="server will launch, listening port :3000"
time="2019-05-10T16:31:17+08:00" level=info msg=">>>>>>>>>>>>【 GET 】 /Query/ ### param: map[] ### query: map[name:hai] ### body: map[]"
time="2019-05-10T16:31:17+08:00" level=info msg="sql/Users/haizhang/work/study/go/igo2/src/go-open/sample/service/user.go:331.304343msSELECT * FROM `user`  WHERE `user`.`id` = ?[10] 1"
time="2019-05-10T16:31:17+08:00" level=info msg="sql/Users/haizhang/work/study/go/igo2/src/go-open/sample/service/user.go:331.10818msSELECT * FROM `email`  WHERE (`user_id` IN (?))[10] 1"
time="2019-05-10T16:31:17+08:00" level=info msg="sql/Users/haizhang/work/study/go/igo2/src/go-open/sample/service/user.go:33926.279µsSELECT * FROM `profile`  WHERE (`user_id` IN (?))[10] 1"
time="2019-05-10T16:31:37+08:00" level=info msg=">>>>>>>>>>>>【 GET 】 /Query/ ### param: map[] ### query: map[name:hai] ### body: map[]"
time="2019-05-10T16:31:37+08:00" level=info msg="sql/Users/haizhang/work/study/go/igo2/src/go-open/sample/service/user.go:331.162319msSELECT * FROM `user`  WHERE `user`.`id` = ?[10] 1"
time="2019-05-10T16:31:37+08:00" level=info msg="sql/Users/haizhang/work/study/go/igo2/src/go-open/sample/service/user.go:33982.811µsSELECT * FROM `email`  WHERE (`user_id` IN (?))[10] 1"
time="2019-05-10T16:31:37+08:00" level=info msg="sql/Users/haizhang/work/study/go/igo2/src/go-open/sample/service/user.go:331.058758msSELECT * FROM `profile`  WHERE (`user_id` IN (?))[10] 1"
time="2019-05-10T16:31:55+08:00" level=info msg="server will launch, listening port :3000"
time="2019-05-10T16:32:00+08:00" level=info msg=">>>>>>>>>>>>【 GET 】 /Query/ ### param: map[] ### query: map[name:hai] ### body: map[]"
time="2019-05-10T16:32:00+08:00" level=info msg="sql/Users/haizhang/work/study/go/igo2/src/go-open/sample/service/user.go:331.271238msSELECT * FROM `user`  WHERE `user`.`id` = ?[10] 1"
time="2019-05-10T16:32:00+08:00" level=info msg="sql/Users/haizhang/work/study/go/igo2/src/go-open/sample/service/user.go:33914.61µsSELECT * FROM `email`  WHERE (`user_id` IN (?))[10] 1"
time="2019-05-10T16:32:00+08:00" level=info msg="log/Users/haizhang/work/study/go/igo2/src/go-open/sample/service/user.go:33can't preload field Profilee for model.User"
time="2019-05-10T16:33:38+08:00" level=info msg=">>>>>>>>>>>>【 GET 】 /Query/ ### param: map[] ### query: map[name:hai] ### body: map[]"
time="2019-05-10T16:33:38+08:00" level=info msg="sql/Users/haizhang/work/study/go/igo2/src/go-open/sample/service/user.go:331.233399msSELECT * FROM `user`  WHERE `user`.`id` = ?[10] 1"
time="2019-05-10T16:33:38+08:00" level=info msg="sql/Users/haizhang/work/study/go/igo2/src/go-open/sample/service/user.go:331.04689msSELECT * FROM `email`  WHERE (`user_id` IN (?))[10] 1"
time="2019-05-10T16:33:38+08:00" level=info msg="log/Users/haizhang/work/study/go/igo2/src/go-open/sample/service/user.go:33can't preload field Profilee for model.User"
time="2019-05-10T16:37:36+08:00" level=info msg="server will launch, listening port :3000"
time="2019-05-10T16:37:40+08:00" level=info msg=">>>>>>>>>>>>【 GET 】 /Query/ ### param: map[] ### query: map[name:hai] ### body: map[]"
time="2019-05-10T16:37:54+08:00" level=info msg="sql/Users/haizhang/work/study/go/igo2/src/go-open/sample/service/user.go:331.238683msSELECT * FROM `user`  WHERE `user`.`id` = ?[10] 1"
time="2019-05-10T16:38:12+08:00" level=info msg="sql/Users/haizhang/work/study/go/igo2/src/go-open/sample/service/user.go:331.47786msSELECT * FROM `email`  WHERE (`user_id` IN (?))[10] 1"
time="2019-05-10T16:38:32+08:00" level=info msg="sql/Users/haizhang/work/study/go/igo2/src/go-open/sample/service/user.go:331.236387msSELECT * FROM `profile`  WHERE (`user_id` IN (?))[10] 1"
time="2019-05-10T16:38:50+08:00" level=info msg=">>>>>>>>>>>>【 GET 】 /Query/ ### param: map[] ### query: map[name:hai] ### body: map[]"
time="2019-05-10T16:38:50+08:00" level=info msg="sql/Users/haizhang/work/study/go/igo2/src/go-open/sample/service/user.go:331.089266msSELECT * FROM `user`  WHERE `user`.`id` = ?[10] 1"
time="2019-05-10T16:38:50+08:00" level=info msg="sql/Users/haizhang/work/study/go/igo2/src/go-open/sample/service/user.go:33983.435µsSELECT * FROM `email`  WHERE (`user_id` IN (?))[10] 1"
time="2019-05-10T16:38:50+08:00" level=info msg="sql/Users/haizhang/work/study/go/igo2/src/go-open/sample/service/user.go:33881.575µsSELECT * FROM `profile`  WHERE (`user_id` IN (?))[10] 1"
time="2019-05-10T16:39:10+08:00" level=info msg="server will launch, listening port :3000"
time="2019-05-10T16:39:13+08:00" level=info msg=">>>>>>>>>>>>【 GET 】 /Query/ ### param: map[] ### query: map[name:hai] ### body: map[]"
time="2019-05-10T16:39:13+08:00" level=info msg="sql/Users/haizhang/work/study/go/igo2/src/go-open/sample/service/user.go:331.282142msSELECT * FROM `user`  WHERE `user`.`id` = ?[10] 1"
time="2019-05-10T16:39:13+08:00" level=info msg="sql/Users/haizhang/work/study/go/igo2/src/go-open/sample/service/user.go:33980.625µsSELECT * FROM `email`  WHERE (`user_id` IN (?))[10] 1"
time="2019-05-10T16:39:13+08:00" level=info msg="log/Users/haizhang/work/study/go/igo2/src/go-open/sample/service/user.go:33can't preload field Profilee for model.User"
time="2019-05-10T16:39:45+08:00" level=info msg=">>>>>>>>>>>>【 GET 】 /Query/ ### param: map[] ### query: map[name:hai] ### body: map[]"
time="2019-05-10T16:40:01+08:00" level=info msg="sql/Users/haizhang/work/study/go/igo2/src/go-open/sample/service/user.go:331.09509msSELECT * FROM `user`  WHERE `user`.`id` = ?[10] 1"
time="2019-05-10T16:40:17+08:00" level=info msg="sql/Users/haizhang/work/study/go/igo2/src/go-open/sample/service/user.go:331.259458msSELECT * FROM `email`  WHERE (`user_id` IN (?))[10] 1"
time="2019-05-10T16:41:14+08:00" level=info msg="log/Users/haizhang/work/study/go/igo2/src/go-open/sample/service/user.go:33can't preload field Profilee for model.User"
time="2019-05-10T16:46:20+08:00" level=info msg="server will launch, listening port :3000"
time="2019-05-10T16:46:58+08:00" level=info msg="server will launch, listening port :3000"
time="2019-05-10T16:47:15+08:00" level=info msg=">>>>>>>>>>>>【 DELETE 】 /Delete/ ### param: map[] ### query: map[] ### body: map[]"
time="2019-05-10T16:47:24+08:00" level=info msg="sql/Users/haizhang/work/study/go/igo2/src/go-open/sample/service/user.go:41429.548µsDELETE FROM `user`  WHERE (id=?)[9] 1"
time="2019-05-10T16:52:40+08:00" level=info msg="server will launch, listening port :3000"
time="2019-05-10T16:52:46+08:00" level=info msg=">>>>>>>>>>>>【 POST 】 /Add/ ### param: map[] ### query: map[] ### body: map[]"
time="2019-05-10T16:52:46+08:00" level=info msg="sql/Users/haizhang/work/study/go/igo2/src/go-open/sample/service/user.go:18566.589µsINSERT INTO `user` (`created_at`,`updated_at`,`age`,`name`) VALUES (?,?,?,?)[2019-05-10 16:52:46.345618 +0800 CST m=+5.809143485 2019-05-10 16:52:46.345618 +0800 CST m=+5.809143485 11 ] 1"
time="2019-05-10T16:52:46+08:00" level=info msg="sql/Users/haizhang/work/study/go/igo2/src/go-open/sample/service/user.go:18408.623µsINSERT INTO `email` (`created_at`,`updated_at`,`email`,`user_id`) VALUES (?,?,?,?)[2019-05-10 16:52:46.346453 +0800 CST m=+5.809979108 2019-05-10 16:52:46.346453 +0800 CST m=+5.809979108 email##### 11] 1"
time="2019-05-10T16:52:46+08:00" level=info msg="sql/Users/haizhang/work/study/go/igo2/src/go-open/sample/service/user.go:18521.984µsINSERT INTO `profile` (`created_at`,`updated_at`,`name`,`user_id`) VALUES (?,?,?,?)[2019-05-10 16:52:46.347037 +0800 CST m=+5.810562742 2019-05-10 16:52:46.347037 +0800 CST m=+5.810562742 ppp 11] 1"
time="2019-05-10T16:53:01+08:00" level=info msg="server will launch, listening port :3000"
time="2019-05-10T16:53:03+08:00" level=info msg=">>>>>>>>>>>>【 POST 】 /Add/ ### param: map[] ### query: map[] ### body: map[]"
time="2019-05-10T16:53:03+08:00" level=info msg="sql/Users/haizhang/work/study/go/igo2/src/go-open/sample/service/user.go:18531.53µsINSERT INTO `user` (`created_at`,`updated_at`,`age`,`name`) VALUES (?,?,?,?)[2019-05-10 16:53:03.208268 +0800 CST m=+1.576106391 2019-05-10 16:53:03.208268 +0800 CST m=+1.576106391 11 ] 1"
time="2019-05-10T16:53:03+08:00" level=info msg="sql/Users/haizhang/work/study/go/igo2/src/go-open/sample/service/user.go:18346.32µsINSERT INTO `email` (`created_at`,`updated_at`,`email`,`user_id`) VALUES (?,?,?,?)[2019-05-10 16:53:03.208987 +0800 CST m=+1.576825523 2019-05-10 16:53:03.208987 +0800 CST m=+1.576825523 email###sads## 12] 1"
time="2019-05-10T16:53:03+08:00" level=info msg="sql/Users/haizhang/work/study/go/igo2/src/go-open/sample/service/user.go:18363.357µsINSERT INTO `profile` (`created_at`,`updated_at`,`name`,`user_id`) VALUES (?,?,?,?)[2019-05-10 16:53:03.2095 +0800 CST m=+1.577337848 2019-05-10 16:53:03.2095 +0800 CST m=+1.577337848 ppsssp 12] 1"
time="2019-05-10T16:57:33+08:00" level=info msg=">>>>>>>>>>>>【 POST 】 /Add/ ### param: map[] ### query: map[] ### body: map[]"
time="2019-05-10T16:57:33+08:00" level=info msg="sql/Users/haizhang/work/study/go/igo2/src/go-open/sample/service/user.go:18425.966µsINSERT INTO `user` (`created_at`,`updated_at`,`age`,`name`) VALUES (?,?,?,?)[2019-05-10 16:57:33.440971 +0800 CST m=+271.816933978 2019-05-10 16:57:33.440971 +0800 CST m=+271.816933978 11 ] 1"
time="2019-05-10T16:57:33+08:00" level=info msg="sql/Users/haizhang/work/study/go/igo2/src/go-open/sample/service/user.go:18379.388µsINSERT INTO `email` (`created_at`,`updated_at`,`email`,`user_id`) VALUES (?,?,?,?)[2019-05-10 16:57:33.441657 +0800 CST m=+271.817620017 2019-05-10 16:57:33.441657 +0800 CST m=+271.817620017 email###sads## 13] 1"
time="2019-05-10T16:57:33+08:00" level=info msg="sql/Users/haizhang/work/study/go/igo2/src/go-open/sample/service/user.go:18436.857µsINSERT INTO `profile` (`created_at`,`updated_at`,`name`,`user_id`) VALUES (?,?,?,?)[2019-05-10 16:57:33.442239 +0800 CST m=+271.818201756 2019-05-10 16:57:33.442239 +0800 CST m=+271.818201756 ppsssp 13] 1"
time="2019-05-10T16:57:34+08:00" level=info msg=">>>>>>>>>>>>【 POST 】 /Add/ ### param: map[] ### query: map[] ### body: map[]"
time="2019-05-10T16:57:34+08:00" level=info msg="sql/Users/haizhang/work/study/go/igo2/src/go-open/sample/service/user.go:18432.532µsINSERT INTO `user` (`created_at`,`updated_at`,`age`,`name`) VALUES (?,?,?,?)[2019-05-10 16:57:34.674621 +0800 CST m=+273.050621212 2019-05-10 16:57:34.674621 +0800 CST m=+273.050621212 11 ] 1"
time="2019-05-10T16:57:34+08:00" level=info msg="sql/Users/haizhang/work/study/go/igo2/src/go-open/sample/service/user.go:18338.608µsINSERT INTO `email` (`created_at`,`updated_at`,`email`,`user_id`) VALUES (?,?,?,?)[2019-05-10 16:57:34.675209 +0800 CST m=+273.051209187 2019-05-10 16:57:34.675209 +0800 CST m=+273.051209187 email###sads## 14] 1"
time="2019-05-10T16:57:34+08:00" level=info msg="sql/Users/haizhang/work/study/go/igo2/src/go-open/sample/service/user.go:18380.914µsINSERT INTO `profile` (`created_at`,`updated_at`,`name`,`user_id`) VALUES (?,?,?,?)[2019-05-10 16:57:34.6757 +0800 CST m=+273.051700190 2019-05-10 16:57:34.6757 +0800 CST m=+273.051700190 ppsssp 14] 1"
time="2019-05-10T16:59:39+08:00" level=info msg="server will launch, listening port :3000"
time="2019-05-10T16:59:44+08:00" level=info msg=">>>>>>>>>>>>【 POST 】 /Update/ ### param: map[] ### query: map[] ### body: map[]"
time="2019-05-10T16:59:44+08:00" level=info msg="sql/Users/haizhang/work/study/go/igo2/src/go-open/sample/service/user.go:27535.507µsUPDATE `user` SET `updated_at` = ?, `age` = ?, `name` = ?  WHERE `user`.`id` = ?[2019-05-10 16:59:44.224938 +0800 CST m=+4.839169681 11  1] 1"
time="2019-05-10T16:59:44+08:00" level=info msg="sql/Users/haizhang/work/study/go/igo2/src/go-open/sample/service/user.go:27362.975µsINSERT INTO `profile` (`created_at`,`updated_at`,`name`,`user_id`) VALUES (?,?,?,?)[2019-05-10 16:59:44.225712 +0800 CST m=+4.839943918 2019-05-10 16:59:44.225712 +0800 CST m=+4.839943918 ppsssp 1] 1"
time="2019-05-10T17:00:23+08:00" level=info msg="server will launch, listening port :3000"
time="2019-05-10T17:00:25+08:00" level=info msg=">>>>>>>>>>>>【 POST 】 /Update/ ### param: map[] ### query: map[] ### body: map[]"
time="2019-05-10T17:00:25+08:00" level=info msg="sql/Users/haizhang/work/study/go/igo2/src/go-open/sample/service/user.go:27455.679µsUPDATE `user` SET `updated_at` = ?, `age` = ?, `name` = ?  WHERE `user`.`id` = ?[2019-05-10 17:00:25.328154 +0800 CST m=+1.680520320 11  1] 1"
time="2019-05-10T17:00:25+08:00" level=info msg="sql/Users/haizhang/work/study/go/igo2/src/go-open/sample/service/user.go:27398.587µsINSERT INTO `profile` (`created_at`,`updated_at`,`name`,`user_id`) VALUES (?,?,?,?)[2019-05-10 17:00:25.328848 +0800 CST m=+1.681214358 2019-05-10 17:00:25.328848 +0800 CST m=+1.681214358 ####### 1] 1"
time="2019-05-10T17:01:16+08:00" level=info msg=">>>>>>>>>>>>【 POST 】 /Update/ ### param: map[] ### query: map[] ### body: map[]"
time="2019-05-10T17:01:16+08:00" level=info msg="sql/Users/haizhang/work/study/go/igo2/src/go-open/sample/service/user.go:27445.049µsUPDATE `user` SET `updated_at` = ?, `age` = ?, `name` = ?  WHERE `user`.`id` = ?[2019-05-10 17:01:16.953207 +0800 CST m=+53.307125229 11  1] 1"
time="2019-05-10T17:01:16+08:00" level=info msg="sql/Users/haizhang/work/study/go/igo2/src/go-open/sample/service/user.go:27428.846µsINSERT INTO `profile` (`created_at`,`updated_at`,`name`,`user_id`) VALUES (?,?,?,?)[2019-05-10 17:01:16.9539 +0800 CST m=+53.307817984 2019-05-10 17:01:16.9539 +0800 CST m=+53.307817984 ####### 1] 1"
time="2019-05-10T17:03:57+08:00" level=info msg="server will launch, listening port :3000"
time="2019-05-10T17:04:01+08:00" level=info msg=">>>>>>>>>>>>【 POST 】 /Update/ ### param: map[] ### query: map[] ### body: map[]"
time="2019-05-10T17:04:01+08:00" level=info msg="sql/Users/haizhang/work/study/go/igo2/src/go-open/sample/service/user.go:27509.566µsUPDATE `user` SET `updated_at` = ?, `age` = ?, `name` = ?  WHERE `user`.`id` = ?[2019-05-10 17:04:01.58597 +0800 CST m=+4.336329017 11 hai 1] 1"
time="2019-05-10T17:04:20+08:00" level=info msg="server will launch, listening port :3000"
time="2019-05-10T17:04:23+08:00" level=info msg=">>>>>>>>>>>>【 POST 】 /Update/ ### param: map[] ### query: map[] ### body: map[]"
time="2019-05-10T17:04:23+08:00" level=info msg="sql/Users/haizhang/work/study/go/igo2/src/go-open/sample/service/user.go:27542.632µsUPDATE `user` SET `updated_at` = ?, `age` = ?, `name` = ?  WHERE `user`.`id` = ?[2019-05-10 17:04:23.359361 +0800 CST m=+2.693271941 11  1] 1"
time="2019-05-10T17:04:39+08:00" level=info msg="server will launch, listening port :3000"
time="2019-05-10T17:04:40+08:00" level=info msg=">>>>>>>>>>>>【 POST 】 /Update/ ### param: map[] ### query: map[] ### body: map[]"
time="2019-05-10T17:04:40+08:00" level=info msg="sql/Users/haizhang/work/study/go/igo2/src/go-open/sample/service/user.go:27484.966µsUPDATE `user` SET `updated_at` = ?, `age` = ?, `name` = ?  WHERE `user`.`id` = ?[2019-05-10 17:04:40.26626 +0800 CST m=+0.889938538 11 hai 1] 1"
time="2019-05-10T17:07:45+08:00" level=info msg="server will launch, listening port :3000"
time="2019-05-10T17:07:48+08:00" level=info msg=">>>>>>>>>>>>【 POST 】 /Update/ ### param: map[] ### query: map[] ### body: map[]"
time="2019-05-10T17:07:48+08:00" level=info msg="sql/Users/haizhang/work/study/go/igo2/src/go-open/sample/service/user.go:27438.929µsUPDATE `user` SET `name` = ?, `updated_at` = ?  WHERE `user`.`id` = ?[hahhah 2019-05-10 17:07:48.864762 +0800 CST m=+3.186183477 1] 1"
time="2019-05-10T17:09:06+08:00" level=info msg="server will launch, listening port :3000"
time="2019-05-10T17:09:06+08:00" level=info msg=">>>>>>>>>>>>【 POST 】 /Update/ ### param: map[] ### query: map[] ### body: map[]"
time="2019-05-10T17:09:06+08:00" level=info msg="sql/Users/haizhang/work/study/go/igo2/src/go-open/sample/service/user.go:28460.264µsUPDATE `user` SET `updated_at` = ?, `age` = ?, `name` = ?  WHERE `user`.`id` = ?[2019-05-10 17:09:06.889726 +0800 CST m=+0.597637279 11  1] 1"
time="2019-05-10T17:10:27+08:00" level=info msg="server will launch, listening port :3000"
time="2019-05-10T17:10:29+08:00" level=info msg=">>>>>>>>>>>>【 POST 】 /Update/ ### param: map[] ### query: map[] ### body: map[]"
time="2019-05-10T17:10:29+08:00" level=info msg="sql/Users/haizhang/work/study/go/igo2/src/go-open/sample/service/user.go:28493.373µsUPDATE `user` SET `updated_at` = ?, `age` = ?, `name` = ?  WHERE `user`.`id` = ?[2019-05-10 17:10:29.062099 +0800 CST m=+1.876035062 11  1] 1"
time="2019-05-10T17:10:29+08:00" level=info msg="sql/Users/haizhang/work/study/go/igo2/src/go-open/sample/service/user.go:28492.986µsUPDATE `user` SET `name` = ?, `updated_at` = ?  WHERE `user`.`id` = ?[hello 2019-05-10 17:10:29.065594 +0800 CST m=+1.879530586 1] 1"
time="2019-05-10T17:16:38+08:00" level=info msg="server will launch, listening port :3000"
time="2019-05-10T17:16:46+08:00" level=info msg=">>>>>>>>>>>>【 DELETE 】 /Delete/1 ### param: map[id:1] ### query: map[] ### body: map[]"
time="2019-05-10T17:16:46+08:00" level=info msg="sql/Users/haizhang/work/study/go/igo2/src/go-open/sample/service/user.go:42461.275µsDELETE FROM `user`  WHERE (id=?)[1] 1"
time="2019-05-10T17:16:54+08:00" level=info msg=">>>>>>>>>>>>【 DELETE 】 /Delete/1 ### param: map[id:1] ### query: map[] ### body: map[]"
time="2019-05-10T17:16:54+08:00" level=info msg="sql/Users/haizhang/work/study/go/igo2/src/go-open/sample/service/user.go:42503.801µsDELETE FROM `user`  WHERE (id=?)[1] 0"
time="2019-05-10T17:17:01+08:00" level=info msg=">>>>>>>>>>>>【 DELETE 】 /Delete/2 ### param: map[id:2] ### query: map[] ### body: map[]"
time="2019-05-10T17:17:01+08:00" level=info msg="sql/Users/haizhang/work/study/go/igo2/src/go-open/sample/service/user.go:42392.306µsDELETE FROM `user`  WHERE (id=?)[2] 1"
time="2019-05-10T17:17:31+08:00" level=info msg="server will launch, listening port :3000"
time="2019-05-10T17:17:33+08:00" level=info msg=">>>>>>>>>>>>【 DELETE 】 /Delete/2 ### param: map[id:2] ### query: map[] ### body: map[]"
time="2019-05-10T17:17:33+08:00" level=info msg="sql/Users/haizhang/work/study/go/igo2/src/go-open/sample/service/user.go:42399.009µsDELETE FROM `user`  WHERE (id=?)[2] 0"
time="2019-05-10T17:17:45+08:00" level=info msg=">>>>>>>>>>>>【 DELETE 】 /Delete/3 ### param: map[id:3] ### query: map[] ### body: map[]"
time="2019-05-10T17:17:45+08:00" level=info msg="sql/Users/haizhang/work/study/go/igo2/src/go-open/sample/service/user.go:42349.365µsDELETE FROM `user`  WHERE (id=?)[3] 1"
time="2019-05-10T17:17:59+08:00" level=info msg=">>>>>>>>>>>>【 DELETE 】 /Delete/4 ### param: map[id:4] ### query: map[] ### body: map[]"
time="2019-05-10T17:17:59+08:00" level=info msg="sql/Users/haizhang/work/study/go/igo2/src/go-open/sample/service/user.go:42418.522µsDELETE FROM `user`  WHERE (id=?)[4] 1"
time="2019-05-10T17:18:12+08:00" level=info msg=">>>>>>>>>>>>【 DELETE 】 /Delete/5 ### param: map[id:5] ### query: map[] ### body: map[]"
time="2019-05-10T17:18:12+08:00" level=info msg="sql/Users/haizhang/work/study/go/igo2/src/go-open/sample/service/user.go:42405.123µsDELETE FROM `user`  WHERE (id=?)[5] 1"
time="2019-05-10T17:23:02+08:00" level=info msg="server will launch, listening port :3000"
time="2019-05-10T17:23:07+08:00" level=info msg=">>>>>>>>>>>>【 DELETE 】 /Delete/5 ### param: map[id:5] ### query: map[] ### body: map[]"
time="2019-05-10T17:23:07+08:00" level=info msg="sql/Users/haizhang/work/study/go/igo2/src/go-open/sample/service/user.go:40407.416µsDELETE FROM `user`  WHERE (id=?)[5] 0"
time="2019-05-10T17:23:23+08:00" level=info msg="server will launch, listening port :3000"
time="2019-05-10T17:23:25+08:00" level=info msg=">>>>>>>>>>>>【 DELETE 】 /Delete/5 ### param: map[id:5] ### query: map[] ### body: map[]"
time="2019-05-10T17:23:25+08:00" level=info msg="sql/Users/haizhang/work/study/go/igo2/src/go-open/sample/service/user.go:40395.765µsDELETE FROM `user`  WHERE (id=?)[5] 0"
time="2019-05-10T17:25:32+08:00" level=info msg="server will launch, listening port :3000"
time="2019-05-10T17:25:35+08:00" level=info msg=">>>>>>>>>>>>【 DELETE 】 /Delete/5 ### param: map[id:5] ### query: map[] ### body: map[]"
time="2019-05-10T17:25:35+08:00" level=info msg="sql/Users/haizhang/work/study/go/igo2/src/go-open/sample/service/user.go:40438.349µsDELETE FROM `user`  WHERE (id=?)[5] 0"
time="2019-05-10T17:27:03+08:00" level=info msg="server will launch, listening port :3000"
time="2019-05-10T17:27:07+08:00" level=info msg=">>>>>>>>>>>>【 DELETE 】 /Delete/5 ### param: map[id:5] ### query: map[] ### body: map[]"
time="2019-05-10T17:27:07+08:00" level=info msg="sql/Users/haizhang/work/study/go/igo2/src/go-open/sample/service/user.go:40496.18µsDELETE FROM `user`  WHERE (id=?)[5] 0"
