time="2019-05-15T10:46:26+08:00" level=info msg="server will launch, listening port :3000"
time="2019-05-15T10:50:29+08:00" level=info msg="server will launch, listening port :3000"
time="2019-05-15T10:51:29+08:00" level=info msg="server will launch, listening port :3000"
time="2019-05-15T10:51:44+08:00" level=info msg=">>>>>>>>>>>>【 GET 】 /test/Query/ ### param: map[] ### query: map[] ### body: map[]"
time="2019-05-15T10:51:44+08:00" level=info msg="sql/Users/haizhang/work/study/go/igo2/src/go-open/sample/service/user.go:348.297297msSELECT * FROM `user`  WHERE `user`.`id` = ?[10] 1"
time="2019-05-15T10:51:44+08:00" level=info msg="sql/Users/haizhang/work/study/go/igo2/src/go-open/sample/service/user.go:343.020205msSELECT * FROM `email`  WHERE (`user_id` IN (?))[10] 1"
time="2019-05-15T10:51:44+08:00" level=info msg="sql/Users/haizhang/work/study/go/igo2/src/go-open/sample/service/user.go:341.114368msSELECT * FROM `profile`  WHERE (`user_id` IN (?))[10] 1"
time="2019-05-15T15:55:29+08:00" level=info msg="server will launch, listening port :3000"
time="2019-05-15T15:56:21+08:00" level=info msg=">>>>>>>>>>>>【 POST 】 /test/Add/ ### param: map[] ### query: map[] ### body: map[]"
time="2019-05-15T15:56:21+08:00" level=info msg="sql/Users/haizhang/work/study/go/igo2/src/go-open/sample/service/user.go:174.813519msINSERT INTO `user` (`created_at`,`updated_at`,`age`,`name`) VALUES (?,?,?,?)[2019-05-15 15:56:21.033558 +0800 CST m=+51.713989460 2019-05-15 15:56:21.033558 +0800 CST m=+51.713989460 11 ] 1"
time="2019-05-15T15:56:21+08:00" level=info msg="sql/Users/haizhang/work/study/go/igo2/src/go-open/sample/service/user.go:17812.097µsINSERT INTO `email` (`created_at`,`updated_at`,`email`,`user_id`) VALUES (?,?,?,?)[2019-05-15 15:56:21.038574 +0800 CST m=+51.719005509 2019-05-15 15:56:21.038574 +0800 CST m=+51.719005509 email###sads## 15] 1"
time="2019-05-15T15:56:21+08:00" level=info msg="sql/Users/haizhang/work/study/go/igo2/src/go-open/sample/service/user.go:17745.634µsINSERT INTO `profile` (`created_at`,`updated_at`,`name`,`user_id`) VALUES (?,?,?,?)[2019-05-15 15:56:21.039584 +0800 CST m=+51.720015632 2019-05-15 15:56:21.039584 +0800 CST m=+51.720015632 ppsssp 15] 1"
time="2019-05-15T15:56:25+08:00" level=info msg=">>>>>>>>>>>>【 POST 】 /test/Add/ ### param: map[] ### query: map[] ### body: map[]"
time="2019-05-15T15:56:25+08:00" level=info msg="sql/Users/haizhang/work/study/go/igo2/src/go-open/sample/service/user.go:17583.44µsINSERT INTO `user` (`created_at`,`updated_at`,`age`,`name`) VALUES (?,?,?,?)[2019-05-15 15:56:25.96915 +0800 CST m=+56.649746369 2019-05-15 15:56:25.96915 +0800 CST m=+56.649746369 11 ] 1"
time="2019-05-15T15:56:25+08:00" level=info msg="sql/Users/haizhang/work/study/go/igo2/src/go-open/sample/service/user.go:17557.788µsINSERT INTO `email` (`created_at`,`updated_at`,`email`,`user_id`) VALUES (?,?,?,?)[2019-05-15 15:56:25.969964 +0800 CST m=+56.650559794 2019-05-15 15:56:25.969964 +0800 CST m=+56.650559794 email###sads## 16] 1"
time="2019-05-15T15:56:25+08:00" level=info msg="sql/Users/haizhang/work/study/go/igo2/src/go-open/sample/service/user.go:17725.091µsINSERT INTO `profile` (`created_at`,`updated_at`,`name`,`user_id`) VALUES (?,?,?,?)[2019-05-15 15:56:25.970797 +0800 CST m=+56.651392931 2019-05-15 15:56:25.970797 +0800 CST m=+56.651392931 ppsssp 16] 1"
time="2019-05-15T15:56:41+08:00" level=info msg=">>>>>>>>>>>>【 POST 】 /test/Add/ ### param: map[] ### query: map[] ### body: map[]"
time="2019-05-15T15:56:50+08:00" level=info msg="sql/Users/haizhang/work/study/go/igo2/src/go-open/sample/service/user.go:17405.638µsINSERT INTO `user` (`created_at`,`updated_at`,`age`,`name`) VALUES (?,?,?,?)[2019-05-15 15:56:50.741352 +0800 CST m=+81.422772904 2019-05-15 15:56:50.741352 +0800 CST m=+81.422772904 11 ] 1"
time="2019-05-15T15:56:50+08:00" level=info msg="sql/Users/haizhang/work/study/go/igo2/src/go-open/sample/service/user.go:17322.529µsINSERT INTO `email` (`created_at`,`updated_at`,`email`,`user_id`) VALUES (?,?,?,?)[2019-05-15 15:56:50.741914 +0800 CST m=+81.423335063 2019-05-15 15:56:50.741914 +0800 CST m=+81.423335063 email###sads## 17] 1"
time="2019-05-15T15:56:50+08:00" level=info msg="sql/Users/haizhang/work/study/go/igo2/src/go-open/sample/service/user.go:17366.177µsINSERT INTO `profile` (`created_at`,`updated_at`,`name`,`user_id`) VALUES (?,?,?,?)[2019-05-15 15:56:50.742414 +0800 CST m=+81.423835739 2019-05-15 15:56:50.742414 +0800 CST m=+81.423835739 ppsssp 17] 1"
time="2019-05-15T15:56:53+08:00" level=info msg=">>>>>>>>>>>>【 POST 】 /test/Add/ ### param: map[] ### query: map[] ### body: map[]"
time="2019-05-15T15:58:18+08:00" level=info msg="sql/Users/haizhang/work/study/go/igo2/src/go-open/sample/service/user.go:17409.577µsINSERT INTO `user` (`created_at`,`updated_at`,`age`,`name`) VALUES (?,?,?,?)[2019-05-15 15:58:18.853799 +0800 CST m=+169.538156873 2019-05-15 15:58:18.853799 +0800 CST m=+169.538156873 11 ] 1"
time="2019-05-15T15:58:18+08:00" level=info msg="sql/Users/haizhang/work/study/go/igo2/src/go-open/sample/service/user.go:17363.533µsINSERT INTO `email` (`created_at`,`updated_at`,`email`,`user_id`) VALUES (?,?,?,?)[2019-05-15 15:58:18.854385 +0800 CST m=+169.538742143 2019-05-15 15:58:18.854385 +0800 CST m=+169.538742143 email###sads## 18] 1"
time="2019-05-15T15:58:18+08:00" level=info msg="sql/Users/haizhang/work/study/go/igo2/src/go-open/sample/service/user.go:17342.633µsINSERT INTO `profile` (`created_at`,`updated_at`,`name`,`user_id`) VALUES (?,?,?,?)[2019-05-15 15:58:18.854915 +0800 CST m=+169.539272707 2019-05-15 15:58:18.854915 +0800 CST m=+169.539272707 ppsssp 18] 1"
time="2019-05-15T16:36:26+08:00" level=info msg="server will launch, listening port :3000"
time="2019-05-15T16:36:31+08:00" level=info msg=">>>>>>>>>>>>【 POST 】 /test/Add/ ### param: map[] ### query: map[] ### body: map[]"
time="2019-05-15T16:37:52+08:00" level=info msg="sql/Users/haizhang/work/study/go/igo2/src/go-open/sample/service/user.go:17465.948µsINSERT INTO `user` (`created_at`,`updated_at`,`age`,`name`) VALUES (?,?,?,?)[2019-05-15 16:37:52.43953 +0800 CST m=+85.555808473 2019-05-15 16:37:52.43953 +0800 CST m=+85.555808473 11 ] 1"
time="2019-05-15T16:37:52+08:00" level=info msg="sql/Users/haizhang/work/study/go/igo2/src/go-open/sample/service/user.go:17363.839µsINSERT INTO `email` (`created_at`,`updated_at`,`email`,`user_id`) VALUES (?,?,?,?)[2019-05-15 16:37:52.4402 +0800 CST m=+85.556478441 2019-05-15 16:37:52.4402 +0800 CST m=+85.556478441 email###sads## 19] 1"
time="2019-05-15T16:37:52+08:00" level=info msg="sql/Users/haizhang/work/study/go/igo2/src/go-open/sample/service/user.go:17381.888µsINSERT INTO `profile` (`created_at`,`updated_at`,`name`,`user_id`) VALUES (?,?,?,?)[2019-05-15 16:37:52.440746 +0800 CST m=+85.557024572 2019-05-15 16:37:52.440746 +0800 CST m=+85.557024572 ppsssp 19] 1"
time="2019-05-15T16:40:20+08:00" level=info msg=">>>>>>>>>>>>【 POST 】 /test/Add/ ### param: map[] ### query: map[] ### body: map[]"
time="2019-05-15T16:40:36+08:00" level=info msg="sql/Users/haizhang/work/study/go/igo2/src/go-open/sample/service/user.go:17382.106µsINSERT INTO `user` (`created_at`,`updated_at`,`age`,`name`) VALUES (?,?,?,?)[2019-05-15 16:40:36.730887 +0800 CST m=+249.852770768 2019-05-15 16:40:36.730887 +0800 CST m=+249.852770768 11 ] 1"
time="2019-05-15T16:40:36+08:00" level=info msg="sql/Users/haizhang/work/study/go/igo2/src/go-open/sample/service/user.go:17341.263µsINSERT INTO `email` (`created_at`,`updated_at`,`email`,`user_id`) VALUES (?,?,?,?)[2019-05-15 16:40:36.73143 +0800 CST m=+249.853313036 2019-05-15 16:40:36.73143 +0800 CST m=+249.853313036 email###sads## 20] 1"
time="2019-05-15T16:40:36+08:00" level=info msg="sql/Users/haizhang/work/study/go/igo2/src/go-open/sample/service/user.go:17350.465µsINSERT INTO `profile` (`created_at`,`updated_at`,`name`,`user_id`) VALUES (?,?,?,?)[2019-05-15 16:40:36.731895 +0800 CST m=+249.853778792 2019-05-15 16:40:36.731895 +0800 CST m=+249.853778792 ppsssp 20] 1"
time="2019-05-15T16:41:35+08:00" level=info msg="server will launch, listening port :3000"
time="2019-05-15T16:41:39+08:00" level=info msg=">>>>>>>>>>>>【 POST 】 /test/Add/ ### param: map[] ### query: map[] ### body: map[]"
time="2019-05-15T16:41:40+08:00" level=info msg="sql/Users/haizhang/work/study/go/igo2/src/go-open/sample/service/user.go:17447.48µsINSERT INTO `user` (`created_at`,`updated_at`,`age`,`name`) VALUES (?,?,?,?)[2019-05-15 16:41:40.925195 +0800 CST m=+5.017322080 2019-05-15 16:41:40.925195 +0800 CST m=+5.017322080 11 ] 1"
time="2019-05-15T16:41:40+08:00" level=info msg="sql/Users/haizhang/work/study/go/igo2/src/go-open/sample/service/user.go:17345.918µsINSERT INTO `email` (`created_at`,`updated_at`,`email`,`user_id`) VALUES (?,?,?,?)[2019-05-15 16:41:40.925815 +0800 CST m=+5.017942248 2019-05-15 16:41:40.925815 +0800 CST m=+5.017942248 email###sads## 21] 1"
time="2019-05-15T16:41:40+08:00" level=info msg="sql/Users/haizhang/work/study/go/igo2/src/go-open/sample/service/user.go:17334.773µsINSERT INTO `profile` (`created_at`,`updated_at`,`name`,`user_id`) VALUES (?,?,?,?)[2019-05-15 16:41:40.926294 +0800 CST m=+5.018420950 2019-05-15 16:41:40.926294 +0800 CST m=+5.018420950 ppsssp 21] 1"
time="2019-05-15T16:41:43+08:00" level=info msg=">>>>>>>>>>>>【 POST 】 /test/Add/ ### param: map[] ### query: map[] ### body: map[]"
time="2019-05-15T16:41:43+08:00" level=info msg="sql/Users/haizhang/work/study/go/igo2/src/go-open/sample/service/user.go:17467.619µsINSERT INTO `user` (`created_at`,`updated_at`,`age`,`name`) VALUES (?,?,?,?)[2019-05-15 16:41:43.343364 +0800 CST m=+7.435573725 2019-05-15 16:41:43.343364 +0800 CST m=+7.435573725 11 ] 1"
time="2019-05-15T16:41:43+08:00" level=info msg="sql/Users/haizhang/work/study/go/igo2/src/go-open/sample/service/user.go:17359.745µsINSERT INTO `email` (`created_at`,`updated_at`,`email`,`user_id`) VALUES (?,?,?,?)[2019-05-15 16:41:43.34402 +0800 CST m=+7.436229705 2019-05-15 16:41:43.34402 +0800 CST m=+7.436229705 email###sads## 22] 1"
time="2019-05-15T16:41:43+08:00" level=info msg="sql/Users/haizhang/work/study/go/igo2/src/go-open/sample/service/user.go:17408.482µsINSERT INTO `profile` (`created_at`,`updated_at`,`name`,`user_id`) VALUES (?,?,?,?)[2019-05-15 16:41:43.344563 +0800 CST m=+7.436772332 2019-05-15 16:41:43.344563 +0800 CST m=+7.436772332 ppsssp 22] 1"
time="2019-05-15T16:41:44+08:00" level=info msg=">>>>>>>>>>>>【 POST 】 /test/Add/ ### param: map[] ### query: map[] ### body: map[]"
time="2019-05-15T16:41:44+08:00" level=info msg="sql/Users/haizhang/work/study/go/igo2/src/go-open/sample/service/user.go:17426.76µsINSERT INTO `user` (`created_at`,`updated_at`,`age`,`name`) VALUES (?,?,?,?)[2019-05-15 16:41:44.113682 +0800 CST m=+8.205918261 2019-05-15 16:41:44.113682 +0800 CST m=+8.205918261 11 ] 1"
time="2019-05-15T16:41:44+08:00" level=info msg="sql/Users/haizhang/work/study/go/igo2/src/go-open/sample/service/user.go:17523.338µsINSERT INTO `email` (`created_at`,`updated_at`,`email`,`user_id`) VALUES (?,?,?,?)[2019-05-15 16:41:44.114335 +0800 CST m=+8.206570542 2019-05-15 16:41:44.114335 +0800 CST m=+8.206570542 email###sads## 23] 1"
time="2019-05-15T16:41:44+08:00" level=info msg="sql/Users/haizhang/work/study/go/igo2/src/go-open/sample/service/user.go:17508.397µsINSERT INTO `profile` (`created_at`,`updated_at`,`name`,`user_id`) VALUES (?,?,?,?)[2019-05-15 16:41:44.115066 +0800 CST m=+8.207302473 2019-05-15 16:41:44.115066 +0800 CST m=+8.207302473 ppsssp 23] 1"
time="2019-05-15T17:52:33+08:00" level=info msg="server will launch, listening port :3000"
time="2019-05-15T17:52:40+08:00" level=info msg=">>>>>>>>>>>>【 POST 】 /test/Add/ ### param: map[] ### query: map[] ### body: map[]"
time="2019-05-15T17:52:40+08:00" level=info msg="sql/Users/haizhang/work/study/go/igo2/src/go-open/sample/service/user.go:17643.613µsINSERT INTO `user` (`created_at`,`updated_at`,`age`,`name`) VALUES (?,?,?,?)[2019-05-15 17:52:40.129554 +0800 CST m=+7.142201270 2019-05-15 17:52:40.129554 +0800 CST m=+7.142201270 11 ] 1"
time="2019-05-15T17:52:40+08:00" level=info msg="sql/Users/haizhang/work/study/go/igo2/src/go-open/sample/service/user.go:17453.685µsINSERT INTO `email` (`created_at`,`updated_at`,`email`,`user_id`) VALUES (?,?,?,?)[2019-05-15 17:52:40.130455 +0800 CST m=+7.143102656 2019-05-15 17:52:40.130455 +0800 CST m=+7.143102656 email###sads## 24] 1"
time="2019-05-15T17:52:40+08:00" level=info msg="sql/Users/haizhang/work/study/go/igo2/src/go-open/sample/service/user.go:17647.049µsINSERT INTO `profile` (`created_at`,`updated_at`,`name`,`user_id`) VALUES (?,?,?,?)[2019-05-15 17:52:40.131155 +0800 CST m=+7.143802558 2019-05-15 17:52:40.131155 +0800 CST m=+7.143802558 ppsssp 24] 1"
time="2019-05-15T17:53:31+08:00" level=info msg=">>>>>>>>>>>>【 POST 】 /test/Add/ ### param: map[] ### query: map[] ### body: map[]"
time="2019-05-15T17:54:00+08:00" level=info msg=">>>>>>>>>>>>【 POST 】 /test/Add/ ### param: map[] ### query: map[] ### body: map[name:hai]"
time="2019-05-15T17:54:10+08:00" level=info msg="sql/Users/haizhang/work/study/go/igo2/src/go-open/sample/service/user.go:17483.946µsINSERT INTO `user` (`created_at`,`updated_at`,`age`,`name`) VALUES (?,?,?,?)[2019-05-15 17:54:10.06036 +0800 CST m=+97.076093669 2019-05-15 17:54:10.06036 +0800 CST m=+97.076093669 11 ] 1"
time="2019-05-15T17:54:10+08:00" level=info msg="sql/Users/haizhang/work/study/go/igo2/src/go-open/sample/service/user.go:17380.142µsINSERT INTO `email` (`created_at`,`updated_at`,`email`,`user_id`) VALUES (?,?,?,?)[2019-05-15 17:54:10.061007 +0800 CST m=+97.076741131 2019-05-15 17:54:10.061007 +0800 CST m=+97.076741131 email###sads## 25] 1"
time="2019-05-15T17:54:10+08:00" level=info msg="sql/Users/haizhang/work/study/go/igo2/src/go-open/sample/service/user.go:17450.656µsINSERT INTO `profile` (`created_at`,`updated_at`,`name`,`user_id`) VALUES (?,?,?,?)[2019-05-15 17:54:10.061539 +0800 CST m=+97.077272555 2019-05-15 17:54:10.061539 +0800 CST m=+97.077272555 ppsssp 25] 1"
time="2019-05-15T17:54:10+08:00" level=info msg="sql/Users/haizhang/work/study/go/igo2/src/go-open/sample/service/user.go:17922.248µsINSERT INTO `user` (`created_at`,`updated_at`,`age`,`name`) VALUES (?,?,?,?)[2019-05-15 17:54:10.061232 +0800 CST m=+97.076965344 2019-05-15 17:54:10.061232 +0800 CST m=+97.076965344 11 ] 1"
time="2019-05-15T17:54:10+08:00" level=info msg="sql/Users/haizhang/work/study/go/igo2/src/go-open/sample/service/user.go:17409.435µsINSERT INTO `email` (`created_at`,`updated_at`,`email`,`user_id`) VALUES (?,?,?,?)[2019-05-15 17:54:10.062308 +0800 CST m=+97.078041713 2019-05-15 17:54:10.062308 +0800 CST m=+97.078041713 email###sads## 26] 1"
time="2019-05-15T17:54:10+08:00" level=info msg="sql/Users/haizhang/work/study/go/igo2/src/go-open/sample/service/user.go:17357.972µsINSERT INTO `profile` (`created_at`,`updated_at`,`name`,`user_id`) VALUES (?,?,?,?)[2019-05-15 17:54:10.062855 +0800 CST m=+97.078589261 2019-05-15 17:54:10.062855 +0800 CST m=+97.078589261 ppsssp 26] 1"
time="2019-05-15T17:54:14+08:00" level=info msg=">>>>>>>>>>>>【 POST 】 /test/Add/ ### param: map[] ### query: map[] ### body: map[name:hai]"
time="2019-05-15T17:54:26+08:00" level=info msg="sql/Users/haizhang/work/study/go/igo2/src/go-open/sample/service/user.go:17473.42µsINSERT INTO `user` (`created_at`,`updated_at`,`age`,`name`) VALUES (?,?,?,?)[2019-05-15 17:54:26.193842 +0800 CST m=+113.210129366 2019-05-15 17:54:26.193842 +0800 CST m=+113.210129366 11 ] 1"
time="2019-05-15T17:54:26+08:00" level=info msg="sql/Users/haizhang/work/study/go/igo2/src/go-open/sample/service/user.go:17411.589µsINSERT INTO `email` (`created_at`,`updated_at`,`email`,`user_id`) VALUES (?,?,?,?)[2019-05-15 17:54:26.194604 +0800 CST m=+113.210891879 2019-05-15 17:54:26.194604 +0800 CST m=+113.210891879 email###sads## 27] 1"
time="2019-05-15T17:54:26+08:00" level=info msg="sql/Users/haizhang/work/study/go/igo2/src/go-open/sample/service/user.go:17373.564µsINSERT INTO `profile` (`created_at`,`updated_at`,`name`,`user_id`) VALUES (?,?,?,?)[2019-05-15 17:54:26.195165 +0800 CST m=+113.211451936 2019-05-15 17:54:26.195165 +0800 CST m=+113.211451936 ppsssp 27] 1"
time="2019-05-15T17:54:29+08:00" level=info msg=">>>>>>>>>>>>【 POST 】 /test/Add/ ### param: map[] ### query: map[] ### body: map[Name:hai]"
time="2019-05-15T17:55:16+08:00" level=info msg="sql/Users/haizhang/work/study/go/igo2/src/go-open/sample/service/user.go:17378.682µsINSERT INTO `user` (`created_at`,`updated_at`,`age`,`name`) VALUES (?,?,?,?)[2019-05-15 17:55:16.730222 +0800 CST m=+163.748243312 2019-05-15 17:55:16.730222 +0800 CST m=+163.748243312 11 ] 1"
time="2019-05-15T17:55:16+08:00" level=info msg="sql/Users/haizhang/work/study/go/igo2/src/go-open/sample/service/user.go:17313.492µsINSERT INTO `email` (`created_at`,`updated_at`,`email`,`user_id`) VALUES (?,?,?,?)[2019-05-15 17:55:16.730772 +0800 CST m=+163.748793234 2019-05-15 17:55:16.730772 +0800 CST m=+163.748793234 email###sads## 28] 1"
time="2019-05-15T17:55:16+08:00" level=info msg="sql/Users/haizhang/work/study/go/igo2/src/go-open/sample/service/user.go:17363.401µsINSERT INTO `profile` (`created_at`,`updated_at`,`name`,`user_id`) VALUES (?,?,?,?)[2019-05-15 17:55:16.731225 +0800 CST m=+163.749246247 2019-05-15 17:55:16.731225 +0800 CST m=+163.749246247 ppsssp 28] 1"
time="2019-05-15T17:55:39+08:00" level=info msg=">>>>>>>>>>>>【 POST 】 /test/Add/ ### param: map[] ### query: map[] ### body: map[Name:hai Age: Email:xxx]"
time="2019-05-15T17:56:09+08:00" level=info msg="sql/Users/haizhang/work/study/go/igo2/src/go-open/sample/service/user.go:17394.848µsINSERT INTO `user` (`created_at`,`updated_at`,`age`,`name`) VALUES (?,?,?,?)[2019-05-15 17:56:09.188499 +0800 CST m=+216.208320248 2019-05-15 17:56:09.188499 +0800 CST m=+216.208320248 11 ] 1"
time="2019-05-15T17:56:09+08:00" level=info msg="sql/Users/haizhang/work/study/go/igo2/src/go-open/sample/service/user.go:17322.447µsINSERT INTO `email` (`created_at`,`updated_at`,`email`,`user_id`) VALUES (?,?,?,?)[2019-05-15 17:56:09.189061 +0800 CST m=+216.208882955 2019-05-15 17:56:09.189061 +0800 CST m=+216.208882955 email###sads## 29] 1"
time="2019-05-15T17:56:09+08:00" level=info msg="sql/Users/haizhang/work/study/go/igo2/src/go-open/sample/service/user.go:17334.178µsINSERT INTO `profile` (`created_at`,`updated_at`,`name`,`user_id`) VALUES (?,?,?,?)[2019-05-15 17:56:09.189512 +0800 CST m=+216.209334038 2019-05-15 17:56:09.189512 +0800 CST m=+216.209334038 ppsssp 29] 1"
time="2019-05-15T17:56:11+08:00" level=info msg=">>>>>>>>>>>>【 POST 】 /test/Add/ ### param: map[] ### query: map[] ### body: map[Age: Email:xxx Name:hai]"
time="2019-05-15T17:56:21+08:00" level=info msg="sql/Users/haizhang/work/study/go/igo2/src/go-open/sample/service/user.go:17399.329µsINSERT INTO `user` (`created_at`,`updated_at`,`age`,`name`) VALUES (?,?,?,?)[2019-05-15 17:56:21.156505 +0800 CST m=+228.176736973 2019-05-15 17:56:21.156505 +0800 CST m=+228.176736973 11 ] 1"
time="2019-05-15T17:56:21+08:00" level=info msg="sql/Users/haizhang/work/study/go/igo2/src/go-open/sample/service/user.go:17282.115µsINSERT INTO `email` (`created_at`,`updated_at`,`email`,`user_id`) VALUES (?,?,?,?)[2019-05-15 17:56:21.157067 +0800 CST m=+228.177299045 2019-05-15 17:56:21.157067 +0800 CST m=+228.177299045 email###sads## 30] 1"
time="2019-05-15T17:56:21+08:00" level=info msg="sql/Users/haizhang/work/study/go/igo2/src/go-open/sample/service/user.go:17340.338µsINSERT INTO `profile` (`created_at`,`updated_at`,`name`,`user_id`) VALUES (?,?,?,?)[2019-05-15 17:56:21.157459 +0800 CST m=+228.177691442 2019-05-15 17:56:21.157459 +0800 CST m=+228.177691442 ppsssp 30] 1"
time="2019-05-15T17:56:25+08:00" level=info msg=">>>>>>>>>>>>【 POST 】 /test/Add/ ### param: map[] ### query: map[] ### body: map[Email:xxx Name:hai Age:10]"
time="2019-05-15T17:56:38+08:00" level=info msg="sql/Users/haizhang/work/study/go/igo2/src/go-open/sample/service/user.go:17388.423µsINSERT INTO `user` (`created_at`,`updated_at`,`age`,`name`) VALUES (?,?,?,?)[2019-05-15 17:56:38.031076 +0800 CST m=+245.051887235 2019-05-15 17:56:38.031076 +0800 CST m=+245.051887235 11 ] 1"
time="2019-05-15T17:56:38+08:00" level=info msg="sql/Users/haizhang/work/study/go/igo2/src/go-open/sample/service/user.go:17332.053µsINSERT INTO `email` (`created_at`,`updated_at`,`email`,`user_id`) VALUES (?,?,?,?)[2019-05-15 17:56:38.031627 +0800 CST m=+245.052438597 2019-05-15 17:56:38.031627 +0800 CST m=+245.052438597 email###sads## 31] 1"
time="2019-05-15T17:56:38+08:00" level=info msg="sql/Users/haizhang/work/study/go/igo2/src/go-open/sample/service/user.go:17344.952µsINSERT INTO `profile` (`created_at`,`updated_at`,`name`,`user_id`) VALUES (?,?,?,?)[2019-05-15 17:56:38.03211 +0800 CST m=+245.052921197 2019-05-15 17:56:38.03211 +0800 CST m=+245.052921197 ppsssp 31] 1"
time="2019-05-15T17:59:06+08:00" level=info msg=">>>>>>>>>>>>【 POST 】 /test/Add/ ### param: map[] ### query: map[] ### body: map[Name:hai Age: Email:xxx]"
time="2019-05-15T18:01:22+08:00" level=info msg="sql/Users/haizhang/work/study/go/igo2/src/go-open/sample/service/user.go:17397.669µsINSERT INTO `user` (`created_at`,`updated_at`,`age`,`name`) VALUES (?,?,?,?)[2019-05-15 18:01:22.152009 +0800 CST m=+529.182569834 2019-05-15 18:01:22.152009 +0800 CST m=+529.182569834 11 ] 1"
time="2019-05-15T18:01:22+08:00" level=info msg="sql/Users/haizhang/work/study/go/igo2/src/go-open/sample/service/user.go:17491.859µsINSERT INTO `email` (`created_at`,`updated_at`,`email`,`user_id`) VALUES (?,?,?,?)[2019-05-15 18:01:22.160652 +0800 CST m=+529.191213163 2019-05-15 18:01:22.160652 +0800 CST m=+529.191213163 email###sads## 32] 1"
time="2019-05-15T18:01:22+08:00" level=info msg="sql/Users/haizhang/work/study/go/igo2/src/go-open/sample/service/user.go:17389.185µsINSERT INTO `profile` (`created_at`,`updated_at`,`name`,`user_id`) VALUES (?,?,?,?)[2019-05-15 18:01:22.161313 +0800 CST m=+529.191874696 2019-05-15 18:01:22.161313 +0800 CST m=+529.191874696 ppsssp 32] 1"
